[2024-10-17 10:42:18,316] Watching for file changes with StatReloader
System check identified some issues:

WARNINGS:
<django.template.backends.django.DjangoTemplates object at 0x7e4ec5162590>: (templates.W003) 'thumbnail' is used for multiple template tag modules: 'easy_thumbnails.templatetags.thumbnail', 'sorl.thumbnail.templatetags.thumbnail'

System check identified 1 issue (0 silenced).
[2024-10-17 10:42:49,108] "GET / HTTP/1.1" 400 89178
[2024-10-17 10:42:49,666] "GET /favicon.ico HTTP/1.1" 400 89263
[2024-10-17 10:43:34,488] /home/rikitwiki/django-oscar/sandbox/settings.py changed, reloading.
Performing system checks...

October 17, 2024 - 10:42:18
Django version 5.1.2, using settings 'settings'
Starting development server at http://192.168.122.1:8003/
Quit the server with CONTROL-C.

[2024-10-17 10:43:35,196] Watching for file changes with StatReloader
System check identified some issues:

WARNINGS:
<django.template.backends.django.DjangoTemplates object at 0x7fac28e450f0>: (templates.W003) 'thumbnail' is used for multiple template tag modules: 'easy_thumbnails.templatetags.thumbnail', 'sorl.thumbnail.templatetags.thumbnail'

System check identified 1 issue (0 silenced).
Performing system checks...

October 17, 2024 - 10:43:35
Django version 5.1.2, using settings 'settings'
Starting development server at http://192.168.122.1:8003/
Quit the server with CONTROL-C.

[2024-10-17 10:44:02,390] Watching for file changes with StatReloader
System check identified some issues:

WARNINGS:
<django.template.backends.django.DjangoTemplates object at 0x7c6f4ccc6050>: (templates.W003) 'thumbnail' is used for multiple template tag modules: 'easy_thumbnails.templatetags.thumbnail', 'sorl.thumbnail.templatetags.thumbnail'

System check identified 1 issue (0 silenced).
[2024-10-17 10:44:13,272] "GET / HTTP/1.1" 302 0
[2024-10-17 10:44:13,655] "GET /en-gb/ HTTP/1.1" 302 0
/home/rikitwiki/django-oscar/oscar/lib/python3.10/site-packages/haystack/backends/__init__.py:32: Warning: Whoosh does not handle query faceting.
  return func(obj, query_string, *args, **kwargs)
[2024-10-17 10:44:14,750] "GET /en-gb/catalogue/ HTTP/1.1" 200 53627
[2024-10-17 10:44:14,885] "GET /static/oscar/css/styles.css HTTP/1.1" 200 295411
[2024-10-17 10:44:15,238] "GET /media/cache/25/eb/25ebd8bfde41cbe914d348e493b04ee9.jpg HTTP/1.1" 200 10630
[2024-10-17 10:44:15,238] "GET /media/cache/30/08/30081bda05752ae1c5bb34562427b9ab.jpg HTTP/1.1" 200 9628
[2024-10-17 10:44:15,238] "GET /media/cache/65/15/6515c61c4de491a9b4a1a99fd64f8b00.jpg HTTP/1.1" 200 7506
[2024-10-17 10:44:15,240] "GET /media/cache/bc/07/bc0729419b53eb2d0651e42b837daf02.jpg HTTP/1.1" 200 3061
[2024-10-17 10:44:15,242] "GET /media/cache/00/80/00805ab27f4b5b98782477396a0d412f.jpg HTTP/1.1" 200 11247
[2024-10-17 10:44:15,244] "GET /media/cache/19/12/191241d0ee883507d9690d419ff3dd35.jpg HTTP/1.1" 200 10386
[2024-10-17 10:44:15,248] "GET /static/oscar/js/oscar/ui.js HTTP/1.1" 200 12791
[2024-10-17 10:44:15,248] "GET /static/oscar/js/bootstrap4/bootstrap.bundle.min.js HTTP/1.1" 200 83376
[2024-10-17 10:44:15,249] "GET /static/oscar/webfonts/fa-solid-900.woff2 HTTP/1.1" 200 157192
[2024-10-17 10:44:15,590] "GET /media/cache/5a/26/5a26c87077b7df348cc1cb7b22119852.jpg HTTP/1.1" 200 10158
[2024-10-17 10:44:15,591] "GET /media/cache/e6/4d/e64d3af291c4a705edc1f579031fd02d.jpg HTTP/1.1" 200 11093
[2024-10-17 10:44:15,591] "GET /media/cache/8d/1f/8d1f02288e9f83ac9f24df54a9e81a97.jpg HTTP/1.1" 200 11809
[2024-10-17 10:44:15,592] "GET /media/cache/e0/66/e066c2a1335b0ef4131c742838cd6f27.jpg HTTP/1.1" 200 6075
[2024-10-17 10:44:15,862] "GET /static/oscar/favicon.ico HTTP/1.1" 200 1150
[2024-10-18 13:11:44,340] Watching for file changes with StatReloader
System check identified some issues:

WARNINGS:
<django.template.backends.django.DjangoTemplates object at 0x7fc50f758a30>: (templates.W003) 'thumbnail' is used for multiple template tag modules: 'easy_thumbnails.templatetags.thumbnail', 'sorl.thumbnail.templatetags.thumbnail'

System check identified 1 issue (0 silenced).
[2024-10-18 13:11:49,148] "GET /ru/dashboard/catalogue/ HTTP/1.1" 200 58275
[2024-10-18 13:27:40,365] "GET /ru/dashboard/catalogue/products/create/?product_class=3 HTTP/1.1" 302 0
[2024-10-18 13:27:40,928] "GET /ru/dashboard/catalogue/products/create/dress/ HTTP/1.1" 200 58804
[2024-10-18 13:27:41,291] "GET /static/oscar/img/ui/dashboard/bg_subtle_dots.png HTTP/1.1" 200 955
[2024-10-18 13:27:41,291] "GET /static/oscar/img/ui/dashboard/logo_oscar.png HTTP/1.1" 200 5469
[2024-10-18 13:27:41,297] "GET /static/oscar/js/tinymce/icons/default/icons.min.js HTTP/1.1" 304 0
[2024-10-18 13:27:41,297] "GET /static/oscar/js/tinymce/models/dom/model.min.js HTTP/1.1" 304 0
[2024-10-18 13:27:41,298] "GET /static/oscar/js/tinymce/themes/silver/theme.min.js HTTP/1.1" 304 0
[2024-10-18 13:27:41,299] "GET /static/oscar/js/tinymce/plugins/link/plugin.min.js HTTP/1.1" 304 0
[2024-10-18 13:27:41,301] "GET /static/oscar/js/tinymce/plugins/lists/plugin.min.js HTTP/1.1" 304 0
[2024-10-18 13:27:41,379] "GET /static/oscar/js/tinymce/skins/ui/oxide/skin.min.css HTTP/1.1" 200 94012
[2024-10-18 13:27:41,425] "GET /static/oscar/js/tinymce/skins/ui/oxide/content.min.css HTTP/1.1" 200 23239
[2024-10-18 13:27:41,426] "GET /static/oscar/js/tinymce/skins/content/default/content.min.css HTTP/1.1" 200 1149
/home/rikitwiki/django-oscar/oscar/lib/python3.10/site-packages/django/views/generic/list.py:91: UnorderedObjectListWarning: Pagination may yield inconsistent results with an unordered object_list: <class 'oscar.apps.offer.models.ConditionalOffer'> QuerySet.
  return self.paginator_class(
[2024-10-18 13:28:32,777] "GET /ru/dashboard/offers/ HTTP/1.1" 200 32751
[2024-10-18 13:28:42,077] "GET /ru/dashboard/vouchers/ HTTP/1.1" 200 24887
[2024-10-18 13:28:45,523] "GET /ru/dashboard/offers/ HTTP/1.1" 200 32751
[2024-10-18 13:28:50,360] "GET /ru/dashboard/offers/new/metadata/ HTTP/1.1" 200 21359
[2024-10-18 13:28:56,476] "GET /ru/dashboard/offers/ HTTP/1.1" 200 32751
[2024-10-18 13:29:01,104] "GET /ru/dashboard/vouchers/ HTTP/1.1" 200 24887
[2024-10-18 13:29:02,917] "GET /ru/dashboard/vouchers/create/ HTTP/1.1" 200 22968
[2024-10-18 13:29:03,071] "GET /static/oscar/webfonts/fa-regular-400.woff2 HTTP/1.1" 200 25464
[2024-10-18 13:29:08,687] "GET /ru/dashboard/offers/ HTTP/1.1" 200 32751
[2024-10-18 13:29:57,484] "GET /ru/dashboard/orders/ HTTP/1.1" 200 32768
[2024-10-18 13:30:03,507] "GET /ru/dashboard/orders/statistics/ HTTP/1.1" 200 18774
[2024-10-18 13:30:05,781] "GET /ru/dashboard/partners/ HTTP/1.1" 200 21911
[2024-10-18 13:30:09,586] "GET /ru/dashboard/orders/statistics/ HTTP/1.1" 304 0
[2024-10-18 13:30:29,691] "GET /ru/dashboard/orders/ HTTP/1.1" 200 32768
[2024-10-18 13:31:33,408] "GET /ru/dashboard/logout/ HTTP/1.1" 405 0
[2024-10-18 13:31:33,880] "GET /favicon.ico HTTP/1.1" 404 3634
[2024-10-18 13:31:39,810] "GET / HTTP/1.1" 302 0
[2024-10-18 13:31:40,175] "GET /ru/ HTTP/1.1" 302 0
/home/rikitwiki/django-oscar/oscar/lib/python3.10/site-packages/haystack/backends/__init__.py:32: Warning: Whoosh does not handle query faceting.
  return func(obj, query_string, *args, **kwargs)
[2024-10-18 13:31:41,181] "GET /ru/catalogue/ HTTP/1.1" 200 55351
[2024-10-18 13:31:41,288] "GET /static/oscar/css/styles.css HTTP/1.1" 200 295411
[2024-10-18 13:31:41,648] "GET /media/cache/bc/07/bc0729419b53eb2d0651e42b837daf02.jpg HTTP/1.1" 200 3061
[2024-10-18 13:31:41,651] "GET /media/cache/00/80/00805ab27f4b5b98782477396a0d412f.jpg HTTP/1.1" 200 11247
[2024-10-18 13:31:41,653] "GET /media/cache/65/15/6515c61c4de491a9b4a1a99fd64f8b00.jpg HTTP/1.1" 200 7506
[2024-10-18 13:31:41,653] "GET /media/cache/25/eb/25ebd8bfde41cbe914d348e493b04ee9.jpg HTTP/1.1" 200 10630
[2024-10-18 13:31:41,654] "GET /media/cache/30/08/30081bda05752ae1c5bb34562427b9ab.jpg HTTP/1.1" 200 9628
[2024-10-18 13:31:41,654] "GET /media/cache/19/12/191241d0ee883507d9690d419ff3dd35.jpg HTTP/1.1" 200 10386
[2024-10-18 13:31:41,988] "GET /media/cache/5a/26/5a26c87077b7df348cc1cb7b22119852.jpg HTTP/1.1" 200 10158
[2024-10-18 13:31:41,988] "GET /media/cache/e0/66/e066c2a1335b0ef4131c742838cd6f27.jpg HTTP/1.1" 200 6075
[2024-10-18 13:31:41,997] "GET /media/cache/8d/1f/8d1f02288e9f83ac9f24df54a9e81a97.jpg HTTP/1.1" 200 11809
[2024-10-18 13:31:41,997] "GET /media/cache/e6/4d/e64d3af291c4a705edc1f579031fd02d.jpg HTTP/1.1" 200 11093
[2024-10-18 14:42:42,744] "GET /ru/accounts/logout/ HTTP/1.1" 302 0
[2024-10-18 14:42:43,736] "GET /ru/catalogue/ HTTP/1.1" 200 54667
[2024-10-18 14:42:47,188] "GET /ru/accounts/login/ HTTP/1.1" 200 16498
[2024-10-18 14:43:05,462] "POST /ru/accounts/login/ HTTP/1.1" 302 0
[2024-10-18 14:43:05,848] "GET /ru/dashboard/ HTTP/1.1" 200 25192
[2024-10-18 14:43:16,454] "GET /ru/dashboard/catalogue/ HTTP/1.1" 200 58275
[2024-10-18 14:43:16,983] "GET /media/cache/ef/ff/efff222830f04c384d6248a71f2ac684.jpg HTTP/1.1" 200 2554
[2024-10-18 14:43:16,983] "GET /media/cache/97/cf/97cf0f068566603a974d802cb9ca4800.jpg HTTP/1.1" 200 3126
[2024-10-18 14:43:16,983] "GET /media/cache/04/d1/04d1d8bbde2cbad3438cedeb05691c53.jpg HTTP/1.1" 200 2769
[2024-10-18 14:43:16,983] "GET /media/cache/e1/e5/e1e53ff7696fbe37676a8c437878e69d.jpg HTTP/1.1" 200 3072
[2024-10-18 14:43:16,984] "GET /media/cache/ae/87/ae870acaf13694d7d93669ed22ab49da.jpg HTTP/1.1" 200 3926
[2024-10-18 14:43:16,984] "GET /media/cache/95/6a/956ae297a17134e7a4227773779034e2.jpg HTTP/1.1" 200 3239
[2024-10-18 14:43:17,327] "GET /media/cache/85/16/851601ef08b94998c7abc30b0577b61d.jpg HTTP/1.1" 200 2403
[2024-10-18 14:43:17,327] "GET /media/cache/cb/88/cb88f9edebf16568cf617d9131ffa547.jpg HTTP/1.1" 200 2392
[2024-10-18 14:43:17,327] "GET /media/cache/3e/bc/3ebc96236db9c5c694be66edc6636880.jpg HTTP/1.1" 200 3082
[2024-10-18 14:43:17,328] "GET /media/cache/39/e2/39e2e9b69cb871a64f0afd33b584067c.jpg HTTP/1.1" 200 3265
[2024-10-18 14:43:17,328] "GET /media/cache/4c/a4/4ca450f95b21b1a585221d8cc995ebde.jpg HTTP/1.1" 200 1795
[2024-10-18 14:43:17,329] "GET /media/cache/b0/e3/b0e3a8f5fa08a7c11ac75b597055b4b3.jpg HTTP/1.1" 200 2214
[2024-10-18 14:43:17,702] "GET /media/cache/60/73/60730d114b5799c9ab6642060b96ca04.jpg HTTP/1.1" 200 3306
[2024-10-18 14:43:17,705] "GET /media/cache/a1/ee/a1eecaf39e1fa65b348340601f97e0c5.jpg HTTP/1.1" 200 2122
[2024-10-18 14:43:17,705] "GET /media/cache/43/66/4366ac413f66c978c00e0bfef2ffa66b.jpg HTTP/1.1" 200 2639
[2024-10-18 14:43:21,866] "GET /ru/dashboard/catalogue/products/210/? HTTP/1.1" 200 71867
[2024-10-18 14:48:30,926] "GET / HTTP/1.1" 302 0
[2024-10-18 14:48:31,280] "GET /ru/ HTTP/1.1" 302 0
[2024-10-18 14:48:32,211] "GET /ru/catalogue/ HTTP/1.1" 200 55351
[2024-10-18 14:48:32,709] "GET /media/cache/19/12/191241d0ee883507d9690d419ff3dd35.jpg HTTP/1.1" 200 10386
[2024-10-18 14:48:32,717] "GET /media/cache/bc/07/bc0729419b53eb2d0651e42b837daf02.jpg HTTP/1.1" 200 3061
[2024-10-18 14:48:32,721] "GET /media/cache/65/15/6515c61c4de491a9b4a1a99fd64f8b00.jpg HTTP/1.1" 200 7506
[2024-10-18 14:48:32,722] "GET /media/cache/30/08/30081bda05752ae1c5bb34562427b9ab.jpg HTTP/1.1" 200 9628
[2024-10-18 14:48:32,723] "GET /media/cache/25/eb/25ebd8bfde41cbe914d348e493b04ee9.jpg HTTP/1.1" 200 10630
[2024-10-18 14:48:32,725] "GET /media/cache/00/80/00805ab27f4b5b98782477396a0d412f.jpg HTTP/1.1" 200 11247
[2024-10-18 14:48:33,074] "GET /media/cache/8d/1f/8d1f02288e9f83ac9f24df54a9e81a97.jpg HTTP/1.1" 200 11809
[2024-10-18 14:48:33,078] "GET /media/cache/5a/26/5a26c87077b7df348cc1cb7b22119852.jpg HTTP/1.1" 200 10158
[2024-10-18 14:48:33,079] "GET /media/cache/e0/66/e066c2a1335b0ef4131c742838cd6f27.jpg HTTP/1.1" 200 6075
[2024-10-18 14:48:33,081] "GET /media/cache/e6/4d/e64d3af291c4a705edc1f579031fd02d.jpg HTTP/1.1" 200 11093
[2024-10-18 14:49:02,359] "GET /ru/dashboard/ HTTP/1.1" 200 24582
[2024-10-18 14:49:06,909] "GET /ru/dashboard/catalogue/categories/ HTTP/1.1" 200 20562
[2024-10-18 14:49:08,626] "GET /ru/dashboard/ranges/ HTTP/1.1" 200 20204
[2024-10-18 14:49:16,525] "GET /ru/dashboard/ranges/2/ HTTP/1.1" 200 22414
[2024-10-18 14:49:44,268] "GET /ru/dashboard/catalogue/stock-alerts/ HTTP/1.1" 200 16650
[2024-10-18 14:50:00,073] "GET /ru/dashboard/catalogue/categories/ HTTP/1.1" 200 20562
[2024-10-18 14:50:11,489] "GET /ru/dashboard/catalogue/categories/create/ HTTP/1.1" 200 29077
[2024-10-18 14:50:42,375] "POST /ru/dashboard/catalogue/categories/create/ HTTP/1.1" 302 0
[2024-10-18 14:50:42,756] "GET /ru/dashboard/catalogue/categories/ HTTP/1.1" 200 22938
[2024-10-18 14:50:47,127] "GET /ru/dashboard/catalogue/ HTTP/1.1" 200 58275
[2024-10-18 14:51:10,790] "GET /ru/dashboard/catalogue/product-types/ HTTP/1.1" 200 20877
[2024-10-18 14:51:13,280] "GET /ru/dashboard/catalogue/product-type/create/ HTTP/1.1" 200 45467
[2024-10-18 14:51:13,428] "GET /static/oscar/img/ui/icon-addlink.svg HTTP/1.1" 200 331
[2024-10-18 14:51:13,429] "GET /static/oscar/img/ui/icon-deletelink.svg HTTP/1.1" 200 392
[2024-10-18 14:51:13,429] "GET /static/oscar/img/ui/icon-changelink.svg HTTP/1.1" 200 380
[2024-10-18 14:51:29,770] "GET /ru/dashboard/catalogue/option/create/?_to_field=id&_popup=1 HTTP/1.1" 200 11079
[2024-10-18 14:51:41,885] "POST /ru/dashboard/catalogue/product-type/create/ HTTP/1.1" 302 0
[2024-10-18 14:51:42,270] "GET /ru/dashboard/catalogue/product-types/ HTTP/1.1" 200 23020
[2024-10-18 14:51:45,547] "GET /ru/dashboard/catalogue/ HTTP/1.1" 200 58307
[2024-10-18 14:51:49,240] "GET /ru/dashboard/catalogue/products/create/?product_class=4 HTTP/1.1" 302 0
[2024-10-18 14:51:49,644] "GET /ru/dashboard/catalogue/products/create/l/ HTTP/1.1" 200 58820
[2024-10-18 14:52:41,665] "POST /ru/dashboard/catalogue/products/create/l/ HTTP/1.1" 302 0
[2024-10-18 14:52:42,109] "GET /ru/dashboard/catalogue/ HTTP/1.1" 200 58837
[2024-10-18 14:52:46,539] "GET / HTTP/1.1" 302 0
[2024-10-18 14:52:46,889] "GET /ru/ HTTP/1.1" 302 0
[2024-10-18 14:52:47,859] "GET /ru/catalogue/ HTTP/1.1" 200 56241
[2024-10-18 14:52:51,841] "GET /ru/catalogue/category/l_8/ HTTP/1.1" 200 15802
[2024-10-18 14:52:58,174] "GET /ru/dashboard/catalogue/categories/8/update/ HTTP/1.1" 200 29312
[2024-10-18 14:53:12,153] "POST /ru/dashboard/catalogue/categories/8/update/ HTTP/1.1" 302 0
[2024-10-18 14:53:12,552] "GET /ru/dashboard/catalogue/categories/ HTTP/1.1" 200 22942
[2024-10-18 14:53:19,403] "GET / HTTP/1.1" 302 0
[2024-10-18 14:53:19,743] "GET /ru/ HTTP/1.1" 302 0
[2024-10-18 14:53:20,678] "GET /ru/catalogue/ HTTP/1.1" 200 56241
[2024-10-18 14:53:23,168] "GET /ru/catalogue/category/l_8/ HTTP/1.1" 200 15802
[2024-10-18 14:53:27,619] "GET /ru/catalogue/category/clothing_1/ HTTP/1.1" 200 25089
[2024-10-18 14:53:31,983] "GET /ru/catalogue/category/clothing_1/?selected_facets=rating%3ANone HTTP/1.1" 200 15802
[2024-10-18 14:53:36,348] "GET /ru/catalogue/category/clothing_1/?selected_facets=rating%3ANone HTTP/1.1" 200 15802
[2024-10-18 14:53:38,044] "GET /ru/catalogue/category/l_8/ HTTP/1.1" 200 15802
[2024-10-18 14:53:40,270] "GET /ru/accounts/logout/ HTTP/1.1" 302 0
[2024-10-18 14:53:41,196] "GET /ru/catalogue/ HTTP/1.1" 200 55557
[2024-10-18 14:53:44,518] "GET /ru/accounts/login/ HTTP/1.1" 200 16641
[2024-10-18 14:53:54,953] "POST /ru/accounts/login/ HTTP/1.1" 302 0
[2024-10-18 14:53:55,321] "GET /ru/dashboard/ HTTP/1.1" 200 25192
[2024-10-18 14:53:59,002] "GET /ru/dashboard/catalogue/ HTTP/1.1" 200 58040
[2024-10-18 14:53:59,512] "GET /media/cache/04/d1/04d1d8bbde2cbad3438cedeb05691c53.jpg HTTP/1.1" 200 2769
[2024-10-18 14:53:59,512] "GET /media/cache/ae/87/ae870acaf13694d7d93669ed22ab49da.jpg HTTP/1.1" 200 3926
[2024-10-18 14:53:59,512] "GET /media/cache/ef/ff/efff222830f04c384d6248a71f2ac684.jpg HTTP/1.1" 200 2554
[2024-10-18 14:53:59,514] "GET /media/cache/97/cf/97cf0f068566603a974d802cb9ca4800.jpg HTTP/1.1" 200 3126
[2024-10-18 14:53:59,515] "GET /media/cache/95/6a/956ae297a17134e7a4227773779034e2.jpg HTTP/1.1" 200 3239
[2024-10-18 14:53:59,517] "GET /media/cache/e1/e5/e1e53ff7696fbe37676a8c437878e69d.jpg HTTP/1.1" 200 3072
[2024-10-18 14:53:59,854] "GET /media/cache/39/e2/39e2e9b69cb871a64f0afd33b584067c.jpg HTTP/1.1" 200 3265
[2024-10-18 14:53:59,866] "GET /media/cache/b0/e3/b0e3a8f5fa08a7c11ac75b597055b4b3.jpg HTTP/1.1" 200 2214
[2024-10-18 14:53:59,868] "GET /media/cache/4c/a4/4ca450f95b21b1a585221d8cc995ebde.jpg HTTP/1.1" 200 1795
[2024-10-18 14:53:59,869] "GET /media/cache/85/16/851601ef08b94998c7abc30b0577b61d.jpg HTTP/1.1" 200 2403
[2024-10-18 14:53:59,870] "GET /media/cache/3e/bc/3ebc96236db9c5c694be66edc6636880.jpg HTTP/1.1" 200 3082
[2024-10-18 14:53:59,871] "GET /media/cache/cb/88/cb88f9edebf16568cf617d9131ffa547.jpg HTTP/1.1" 200 2392
[2024-10-18 14:54:00,227] "GET /media/cache/60/73/60730d114b5799c9ab6642060b96ca04.jpg HTTP/1.1" 200 3306
[2024-10-18 14:54:00,231] "GET /media/cache/43/66/4366ac413f66c978c00e0bfef2ffa66b.jpg HTTP/1.1" 200 2639
[2024-10-18 14:54:01,441] "GET /ru/dashboard/catalogue/products/211/? HTTP/1.1" 200 66301
[2024-10-18 14:54:28,061] "POST /ru/dashboard/catalogue/products/211/? HTTP/1.1" 200 67171
[2024-10-18 14:54:45,704] "POST /ru/dashboard/catalogue/products/211/? HTTP/1.1" 302 0
[2024-10-18 14:54:46,144] "GET /ru/dashboard/catalogue/ HTTP/1.1" 200 58841
[2024-10-18 14:54:51,412] "GET /ru/catalogue/test_211/ HTTP/1.1" 200 18807
[2024-10-18 14:54:51,860] "GET /media/cache/bc/07/bc0729419b53eb2d0651e42b837daf02.jpg HTTP/1.1" 200 3061
[2024-10-18 14:54:51,867] "GET /media/cache/6d/30/6d30a642ea133b14f6effb952c62475c.jpg HTTP/1.1" 200 4725
[2024-10-18 14:54:55,296] "GET /ru/catalogue/ HTTP/1.1" 200 56241
[2024-10-18 14:54:55,786] "GET /media/cache/25/eb/25ebd8bfde41cbe914d348e493b04ee9.jpg HTTP/1.1" 200 10630
[2024-10-18 14:54:55,787] "GET /media/cache/30/08/30081bda05752ae1c5bb34562427b9ab.jpg HTTP/1.1" 200 9628
[2024-10-18 14:54:55,791] "GET /media/cache/e0/66/e066c2a1335b0ef4131c742838cd6f27.jpg HTTP/1.1" 200 6075
[2024-10-18 14:54:55,795] "GET /media/cache/65/15/6515c61c4de491a9b4a1a99fd64f8b00.jpg HTTP/1.1" 200 7506
[2024-10-18 14:54:55,796] "GET /media/cache/00/80/00805ab27f4b5b98782477396a0d412f.jpg HTTP/1.1" 200 11247
[2024-10-18 14:54:55,796] "GET /media/cache/19/12/191241d0ee883507d9690d419ff3dd35.jpg HTTP/1.1" 200 10386
[2024-10-18 14:54:56,128] "GET /media/cache/5a/26/5a26c87077b7df348cc1cb7b22119852.jpg HTTP/1.1" 200 10158
[2024-10-18 14:54:56,137] "GET /media/cache/8d/1f/8d1f02288e9f83ac9f24df54a9e81a97.jpg HTTP/1.1" 200 11809
[2024-10-18 14:54:56,138] "GET /media/cache/e6/4d/e64d3af291c4a705edc1f579031fd02d.jpg HTTP/1.1" 200 11093
[2024-10-18 14:54:57,634] "GET /ru/catalogue/category/l_8/ HTTP/1.1" 200 20492
[2024-10-18 14:55:19,356] "GET /ru/catalogue/test_211/ HTTP/1.1" 200 18807
[2024-10-18 14:55:21,100] "GET /ru/dashboard/catalogue/products/211/ HTTP/1.1" 200 66301
[2024-10-18 14:55:35,371] "GET /ru/dashboard/catalogue/categories/ HTTP/1.1" 200 22323
[2024-10-18 14:55:38,445] "GET /ru/dashboard/catalogue/categories/create/ HTTP/1.1" 200 29109
[2024-10-18 14:56:04,467] "POST /ru/dashboard/catalogue/categories/create/ HTTP/1.1" 302 0
[2024-10-18 14:56:04,847] "GET /ru/dashboard/catalogue/categories/ HTTP/1.1" 200 24701
[2024-10-18 14:56:10,359] "GET /ru/dashboard/catalogue/categories/9/update/ HTTP/1.1" 200 29336
[2024-10-18 14:56:16,667] "POST /ru/dashboard/catalogue/categories/9/update/ HTTP/1.1" 302 0
[2024-10-18 14:56:17,051] "GET /ru/dashboard/catalogue/categories/ HTTP/1.1" 200 24705
[2024-10-18 14:56:21,105] "GET /ru/dashboard/catalogue/categories/9/update/ HTTP/1.1" 200 29336
[2024-10-18 14:56:24,406] "POST /ru/dashboard/catalogue/categories/9/update/ HTTP/1.1" 302 0
[2024-10-18 14:56:24,814] "GET /ru/dashboard/catalogue/categories/ HTTP/1.1" 200 24705
[2024-10-18 14:56:27,594] "GET /ru/dashboard/catalogue/categories/9/update/ HTTP/1.1" 200 29336
[2024-10-18 14:56:31,279] "POST /ru/dashboard/catalogue/categories/9/update/ HTTP/1.1" 302 0
[2024-10-18 14:56:31,655] "GET /ru/dashboard/catalogue/categories/ HTTP/1.1" 200 24708
[2024-10-18 14:56:37,693] "GET /ru/dashboard/catalogue/product-types/ HTTP/1.1" 200 22421
[2024-10-18 14:56:39,838] "GET /ru/dashboard/catalogue/product-type/create/ HTTP/1.1" 200 45467
[2024-10-18 14:56:48,938] "POST /ru/dashboard/catalogue/product-type/create/ HTTP/1.1" 302 0
[2024-10-18 14:56:49,312] "GET /ru/dashboard/catalogue/product-types/ HTTP/1.1" 200 24566
[2024-10-18 14:56:52,429] "GET /ru/dashboard/catalogue/ HTTP/1.1" 200 58074
[2024-10-18 14:56:52,944] "GET /media/cache/cb/88/cb88f9edebf16568cf617d9131ffa547.jpg HTTP/1.1" 200 2392
[2024-10-18 14:56:52,954] "GET /media/cache/97/cf/97cf0f068566603a974d802cb9ca4800.jpg HTTP/1.1" 200 3126
[2024-10-18 14:56:52,954] "GET /media/cache/04/d1/04d1d8bbde2cbad3438cedeb05691c53.jpg HTTP/1.1" 200 2769
[2024-10-18 14:56:52,955] "GET /media/cache/ef/ff/efff222830f04c384d6248a71f2ac684.jpg HTTP/1.1" 200 2554
[2024-10-18 14:56:52,958] "GET /media/cache/e1/e5/e1e53ff7696fbe37676a8c437878e69d.jpg HTTP/1.1" 200 3072
[2024-10-18 14:56:52,959] "GET /media/cache/95/6a/956ae297a17134e7a4227773779034e2.jpg HTTP/1.1" 200 3239
[2024-10-18 14:56:53,296] "GET /media/cache/ae/87/ae870acaf13694d7d93669ed22ab49da.jpg HTTP/1.1" 200 3926
[2024-10-18 14:56:53,311] "GET /media/cache/39/e2/39e2e9b69cb871a64f0afd33b584067c.jpg HTTP/1.1" 200 3265
[2024-10-18 14:56:53,313] "GET /media/cache/85/16/851601ef08b94998c7abc30b0577b61d.jpg HTTP/1.1" 200 2403
[2024-10-18 14:56:53,313] "GET /media/cache/4c/a4/4ca450f95b21b1a585221d8cc995ebde.jpg HTTP/1.1" 200 1795
[2024-10-18 14:56:53,315] "GET /media/cache/b0/e3/b0e3a8f5fa08a7c11ac75b597055b4b3.jpg HTTP/1.1" 200 2214
[2024-10-18 14:56:53,315] "GET /media/cache/3e/bc/3ebc96236db9c5c694be66edc6636880.jpg HTTP/1.1" 200 3082
[2024-10-18 14:56:53,665] "GET /media/cache/43/66/4366ac413f66c978c00e0bfef2ffa66b.jpg HTTP/1.1" 200 2639
[2024-10-18 14:56:53,668] "GET /media/cache/60/73/60730d114b5799c9ab6642060b96ca04.jpg HTTP/1.1" 200 3306
[2024-10-18 14:56:54,443] "GET /ru/dashboard/catalogue/products/211/? HTTP/1.1" 200 66369
[2024-10-18 14:57:00,058] "POST /ru/dashboard/catalogue/products/211/? HTTP/1.1" 302 0
[2024-10-18 14:57:00,510] "GET /ru/dashboard/catalogue/ HTTP/1.1" 200 58875
[2024-10-18 14:57:06,507] "GET / HTTP/1.1" 302 0
[2024-10-18 14:57:06,848] "GET /ru/ HTTP/1.1" 302 0
[2024-10-18 14:57:07,873] "GET /ru/catalogue/ HTTP/1.1" 200 56687
[2024-10-18 14:57:11,710] "GET /ru/catalogue/category/l_8/ HTTP/1.1" 200 20938
[2024-10-18 14:57:13,627] "GET /ru/catalogue/category/red_9/ HTTP/1.1" 200 16260
[2024-10-18 14:57:16,489] "GET /ru/catalogue/category/red_9/ HTTP/1.1" 200 16260
[2024-10-18 14:57:20,164] "GET /ru/dashboard/ HTTP/1.1" 200 24582
[2024-10-18 14:57:22,692] "GET /ru/dashboard/catalogue/ HTTP/1.1" 200 58074
[2024-10-18 14:57:25,141] "GET /ru/dashboard/catalogue/products/211/? HTTP/1.1" 200 68096
[2024-10-18 14:57:31,220] "POST /ru/dashboard/catalogue/products/211/? HTTP/1.1" 302 0
[2024-10-18 14:57:31,683] "GET /ru/dashboard/catalogue/ HTTP/1.1" 200 58875
[2024-10-18 14:57:33,522] "GET /ru/dashboard/catalogue/categories/ HTTP/1.1" 200 24089
[2024-10-18 14:57:35,310] "GET /ru/dashboard/catalogue/categories/9/update/ HTTP/1.1" 200 29358
[2024-10-18 14:57:49,617] "POST /ru/dashboard/catalogue/categories/9/update/ HTTP/1.1" 302 0
[2024-10-18 14:57:50,582] "GET /ru/dashboard/catalogue/categories/ HTTP/1.1" 200 24708
[2024-10-18 14:57:56,244] "GET /ru/dashboard/catalogue/ HTTP/1.1" 200 58074
[2024-10-18 14:57:57,951] "GET /ru/dashboard/catalogue/products/211/? HTTP/1.1" 200 68096
[2024-10-18 14:58:27,806] "POST /ru/dashboard/catalogue/products/211/? HTTP/1.1" 200 69522
[2024-10-18 14:58:48,130] "POST /ru/dashboard/catalogue/products/211/? HTTP/1.1" 302 0
[2024-10-18 14:58:48,636] "GET /ru/dashboard/catalogue/ HTTP/1.1" 200 58875
[2024-10-18 14:58:52,333] "GET /ru/catalogue/test_211/ HTTP/1.1" 200 18958
[2024-10-18 14:58:56,185] "GET /ru/catalogue/ HTTP/1.1" 200 56687
[2024-10-18 14:58:58,458] "GET /ru/catalogue/category/red_9/ HTTP/1.1" 200 20958
[2024-10-18 14:59:00,356] "GET /ru/catalogue/category/l_8/ HTTP/1.1" 200 20938
[2024-10-18 14:59:02,888] "GET /ru/catalogue/category/red_9/ HTTP/1.1" 200 20958
[2024-10-18 15:01:15,536] "GET /ru/dashboard/ HTTP/1.1" 200 24582
[2024-10-18 15:01:22,497] "GET / HTTP/1.1" 302 0
[2024-10-18 15:01:22,845] "GET /ru/ HTTP/1.1" 302 0
[2024-10-18 15:01:23,825] "GET /ru/catalogue/ HTTP/1.1" 200 56687
[2024-10-18 15:01:30,276] "GET /ru/catalogue/category/clothing_1/ HTTP/1.1" 200 25535
[2024-10-18 15:01:35,716] "GET /ru/dashboard/ HTTP/1.1" 304 0
[2024-10-18 15:01:47,386] "GET /ru/dashboard/users/ HTTP/1.1" 200 21953
[2024-10-18 15:01:51,726] "GET /ru/dashboard/users/2/ HTTP/1.1" 200 20585
[2024-10-18 15:01:59,142] "GET /ru/dashboard/partners/ HTTP/1.1" 200 21911
[2024-10-18 15:02:10,239] "GET /ru/dashboard/partners/3/ HTTP/1.1" 200 33400
[2024-10-18 15:02:25,863] "GET /ru/dashboard/partners/create/ HTTP/1.1" 200 17024
[2024-10-18 15:02:29,822] "POST /ru/dashboard/partners/create/ HTTP/1.1" 302 0
[2024-10-18 15:02:30,212] "GET /ru/dashboard/partners/ HTTP/1.1" 200 25031
[2024-10-18 15:02:33,930] "GET /ru/dashboard/partners/4/ HTTP/1.1" 200 33360
[2024-10-18 15:03:12,966] "GET /ru/dashboard/partners/4/users/add/ HTTP/1.1" 200 21284
[2024-10-18 15:03:41,596] "POST /ru/dashboard/partners/4/users/add/ HTTP/1.1" 200 22099
[2024-10-18 15:03:49,971] "POST /ru/dashboard/partners/4/users/add/ HTTP/1.1" 302 0
[2024-10-18 15:03:50,333] "GET /ru/dashboard/partners/ HTTP/1.1" 200 25467
[2024-10-18 15:03:57,850] "GET / HTTP/1.1" 302 0
[2024-10-18 15:03:58,205] "GET /ru/ HTTP/1.1" 302 0
[2024-10-18 15:03:59,140] "GET /ru/catalogue/ HTTP/1.1" 200 56687
[2024-10-18 15:04:00,633] "GET /ru/accounts/logout/ HTTP/1.1" 302 0
[2024-10-18 15:04:01,612] "GET /ru/catalogue/ HTTP/1.1" 200 56003
[2024-10-18 15:04:03,181] "GET /ru/accounts/login/ HTTP/1.1" 200 16788
[2024-10-18 15:04:06,384] "POST /ru/accounts/login/ HTTP/1.1" 302 0
[2024-10-18 15:04:06,726] "GET / HTTP/1.1" 302 0
[2024-10-18 15:04:07,072] "GET /ru/ HTTP/1.1" 302 0
[2024-10-18 15:04:08,031] "GET /ru/catalogue/ HTTP/1.1" 200 57182
[2024-10-18 15:04:10,897] "GET /ru/dashboard/ HTTP/1.1" 200 16980
[2024-10-18 15:04:17,315] "GET /ru/dashboard/catalogue/ HTTP/1.1" 200 12868
[2024-10-18 15:04:24,665] "GET /ru/dashboard/catalogue/products/create/?product_class=4 HTTP/1.1" 302 0
[2024-10-18 15:04:25,120] "GET /ru/dashboard/catalogue/products/create/l/ HTTP/1.1" 200 51235
[2024-10-18 15:04:59,828] "POST /ru/dashboard/catalogue/products/create/l/ HTTP/1.1" 200 52231
[2024-10-18 15:05:13,963] "POST /ru/dashboard/catalogue/products/create/l/ HTTP/1.1" 302 0
[2024-10-18 15:05:14,393] "GET /ru/dashboard/catalogue/ HTTP/1.1" 200 15298
[2024-10-18 15:05:19,973] "GET / HTTP/1.1" 302 0
[2024-10-18 15:05:20,332] "GET /ru/ HTTP/1.1" 302 0
[2024-10-18 15:05:21,290] "GET /ru/catalogue/ HTTP/1.1" 200 56687
[2024-10-18 15:05:24,680] "GET /ru/catalogue/category/l_8/ HTTP/1.1" 200 20703
[2024-10-18 15:05:24,954] "GET /static/oscar/favicon.ico HTTP/1.1" 200 1150
[2024-10-18 15:05:29,653] "GET /ru/catalogue/test_211/ HTTP/1.1" 200 18705
[2024-10-18 15:05:30,078] "GET /media/cache/6d/30/6d30a642ea133b14f6effb952c62475c.jpg HTTP/1.1" 200 4725
[2024-10-18 15:05:45,313] "GET /ru/catalogue/ HTTP/1.1" 200 56687
[2024-10-18 15:05:48,249] "GET /ru/accounts/ HTTP/1.1" 302 0
[2024-10-18 15:05:48,653] "GET /ru/accounts/profile/ HTTP/1.1" 200 14281
[2024-10-18 15:05:54,744] "GET /ru/accounts/alerts/ HTTP/1.1" 200 13605
[2024-10-18 15:05:58,963] "GET /ru/catalogue/category/red_9/ HTTP/1.1" 200 20723
[2024-10-18 15:06:02,788] "GET /ru/catalogue/category/l_8/ HTTP/1.1" 200 20703
[2024-10-18 15:06:05,262] "GET /ru/catalogue/category/l_8/ HTTP/1.1" 200 20703
[2024-10-18 15:06:07,649] "GET /ru/dashboard/ HTTP/1.1" 200 16980
[2024-10-18 15:06:11,488] "GET /ru/dashboard/catalogue/ HTTP/1.1" 200 14501
[2024-10-18 15:06:15,797] "GET /ru/dashboard/catalogue/products/212/? HTTP/1.1" 200 58698
[2024-10-18 15:06:18,500] "GET /ru/catalogue/test_212/ HTTP/1.1" 200 20511
[2024-10-18 15:06:33,689] "POST /ru/dashboard/catalogue/products/212/? HTTP/1.1" 302 0
[2024-10-18 15:06:34,095] "GET /ru/dashboard/catalogue/ HTTP/1.1" 200 15308
[2024-10-18 15:06:38,227] "GET / HTTP/1.1" 302 0
[2024-10-18 15:06:38,566] "GET /ru/ HTTP/1.1" 302 0
[2024-10-18 15:06:39,517] "GET /ru/catalogue/ HTTP/1.1" 200 56687
[2024-10-18 15:06:39,981] "GET /media/cache/65/15/6515c61c4de491a9b4a1a99fd64f8b00.jpg HTTP/1.1" 200 7506
[2024-10-18 15:06:39,982] "GET /media/cache/25/eb/25ebd8bfde41cbe914d348e493b04ee9.jpg HTTP/1.1" 200 10630
[2024-10-18 15:06:39,989] "GET /media/cache/00/80/00805ab27f4b5b98782477396a0d412f.jpg HTTP/1.1" 200 11247
[2024-10-18 15:06:39,991] "GET /media/cache/30/08/30081bda05752ae1c5bb34562427b9ab.jpg HTTP/1.1" 200 9628
[2024-10-18 15:06:39,994] "GET /media/cache/e0/66/e066c2a1335b0ef4131c742838cd6f27.jpg HTTP/1.1" 200 6075
[2024-10-18 15:06:39,995] "GET /media/cache/19/12/191241d0ee883507d9690d419ff3dd35.jpg HTTP/1.1" 200 10386
[2024-10-18 15:06:40,455] "GET /media/cache/5a/26/5a26c87077b7df348cc1cb7b22119852.jpg HTTP/1.1" 200 10158
[2024-10-18 15:06:40,464] "GET /media/cache/e6/4d/e64d3af291c4a705edc1f579031fd02d.jpg HTTP/1.1" 200 11093
[2024-10-18 15:06:40,465] "GET /media/cache/8d/1f/8d1f02288e9f83ac9f24df54a9e81a97.jpg HTTP/1.1" 200 11809
[2024-10-18 15:06:46,222] "GET /ru/catalogue/category/l_8/ HTTP/1.1" 200 22541
[2024-10-18 15:07:14,822] "GET /ru/accounts/ HTTP/1.1" 302 0
[2024-10-18 15:07:15,232] "GET /ru/accounts/profile/ HTTP/1.1" 200 14281
[2024-10-18 15:07:29,092] "GET /ru/dashboard/ HTTP/1.1" 200 16980
[2024-10-18 15:07:31,245] "GET /ru/dashboard/catalogue/ HTTP/1.1" 200 14504
[2024-10-18 15:07:33,603] "GET /ru/dashboard/orders/ HTTP/1.1" 200 20431
[2024-10-18 15:07:35,376] "GET /ru/dashboard/orders/statistics/ HTTP/1.1" 200 11029
[2024-10-18 15:07:37,236] "GET /ru/dashboard/orders/statistics/ HTTP/1.1" 304 0
[2024-10-18 15:07:38,710] "GET /ru/dashboard/catalogue/ HTTP/1.1" 200 14504
[2024-10-18 15:07:44,251] "GET / HTTP/1.1" 302 0
[2024-10-18 15:07:44,608] "GET /ru/ HTTP/1.1" 302 0
[2024-10-18 15:07:45,565] "GET /ru/catalogue/ HTTP/1.1" 200 56687
[2024-10-18 15:07:47,057] "GET /ru/accounts/logout/ HTTP/1.1" 302 0
[2024-10-18 15:07:48,015] "GET /ru/catalogue/ HTTP/1.1" 200 56003
[2024-10-18 15:07:49,914] "GET /ru/accounts/login/ HTTP/1.1" 200 16788
[2024-10-18 15:08:01,679] "POST /ru/accounts/login/ HTTP/1.1" 302 0
[2024-10-18 15:08:02,044] "GET /ru/dashboard/ HTTP/1.1" 200 25192
[2024-10-18 15:08:07,155] "GET /ru/dashboard/partners/ HTTP/1.1" 200 24817
[2024-10-18 15:08:15,584] "GET /ru/dashboard/catalogue/ HTTP/1.1" 200 57831
[2024-10-18 15:08:16,100] "GET /media/cache/e1/e5/e1e53ff7696fbe37676a8c437878e69d.jpg HTTP/1.1" 200 3072
[2024-10-18 15:08:16,100] "GET /media/cache/95/6a/956ae297a17134e7a4227773779034e2.jpg HTTP/1.1" 200 3239
[2024-10-18 15:08:16,103] "GET /media/cache/04/d1/04d1d8bbde2cbad3438cedeb05691c53.jpg HTTP/1.1" 200 2769
[2024-10-18 15:08:16,103] "GET /media/cache/ef/ff/efff222830f04c384d6248a71f2ac684.jpg HTTP/1.1" 200 2554
[2024-10-18 15:08:16,105] "GET /media/cache/ae/87/ae870acaf13694d7d93669ed22ab49da.jpg HTTP/1.1" 200 3926
[2024-10-18 15:08:16,108] "GET /media/cache/97/cf/97cf0f068566603a974d802cb9ca4800.jpg HTTP/1.1" 200 3126
[2024-10-18 15:08:16,450] "GET /media/cache/3e/bc/3ebc96236db9c5c694be66edc6636880.jpg HTTP/1.1" 200 3082
[2024-10-18 15:08:16,460] "GET /media/cache/85/16/851601ef08b94998c7abc30b0577b61d.jpg HTTP/1.1" 200 2403
[2024-10-18 15:08:16,463] "GET /media/cache/4c/a4/4ca450f95b21b1a585221d8cc995ebde.jpg HTTP/1.1" 200 1795
[2024-10-18 15:08:16,465] "GET /media/cache/cb/88/cb88f9edebf16568cf617d9131ffa547.jpg HTTP/1.1" 200 2392
[2024-10-18 15:08:16,467] "GET /media/cache/b0/e3/b0e3a8f5fa08a7c11ac75b597055b4b3.jpg HTTP/1.1" 200 2214
[2024-10-18 15:08:16,468] "GET /media/cache/39/e2/39e2e9b69cb871a64f0afd33b584067c.jpg HTTP/1.1" 200 3265
[2024-10-18 15:08:16,818] "GET /media/cache/60/73/60730d114b5799c9ab6642060b96ca04.jpg HTTP/1.1" 200 3306
[2024-10-18 15:08:26,900] "GET /ru/dashboard/catalogue/products/211/? HTTP/1.1" 200 73787
[2024-10-18 15:08:51,343] "GET /ru/dashboard/users/alerts/ HTTP/1.1" 200 17485
[2024-10-18 15:08:57,007] "GET /ru/dashboard/users/alerts/ HTTP/1.1" 200 17485
[2024-10-18 15:08:59,818] "GET /ru/dashboard/partners/ HTTP/1.1" 200 24817
[2024-10-18 15:09:02,201] "GET /ru/dashboard/catalogue/stock-alerts/ HTTP/1.1" 200 16650
[2024-10-18 15:09:15,707] "GET / HTTP/1.1" 302 0
[2024-10-18 15:09:16,056] "GET /ru/ HTTP/1.1" 302 0
[2024-10-18 15:09:17,033] "GET /ru/catalogue/ HTTP/1.1" 200 56687
[2024-10-18 15:09:17,891] "GET /media/cache/bc/07/bc0729419b53eb2d0651e42b837daf02.jpg HTTP/1.1" 200 3061
[2024-10-18 15:09:17,893] "GET /media/cache/19/12/191241d0ee883507d9690d419ff3dd35.jpg HTTP/1.1" 200 10386
[2024-10-18 15:09:17,894] "GET /media/cache/65/15/6515c61c4de491a9b4a1a99fd64f8b00.jpg HTTP/1.1" 200 7506
[2024-10-18 15:09:17,899] "GET /media/cache/00/80/00805ab27f4b5b98782477396a0d412f.jpg HTTP/1.1" 200 11247
[2024-10-18 15:09:17,900] "GET /media/cache/30/08/30081bda05752ae1c5bb34562427b9ab.jpg HTTP/1.1" 200 9628
[2024-10-18 15:09:17,901] "GET /media/cache/25/eb/25ebd8bfde41cbe914d348e493b04ee9.jpg HTTP/1.1" 200 10630
[2024-10-18 15:09:18,488] "GET /media/cache/e0/66/e066c2a1335b0ef4131c742838cd6f27.jpg HTTP/1.1" 200 6075
[2024-10-18 15:09:18,498] "GET /media/cache/e6/4d/e64d3af291c4a705edc1f579031fd02d.jpg HTTP/1.1" 200 11093
[2024-10-18 15:09:18,498] "GET /media/cache/8d/1f/8d1f02288e9f83ac9f24df54a9e81a97.jpg HTTP/1.1" 200 11809
[2024-10-18 15:09:18,500] "GET /media/cache/5a/26/5a26c87077b7df348cc1cb7b22119852.jpg HTTP/1.1" 200 10158
[2024-10-18 15:09:22,069] "GET /ru/catalogue/category/red_9/ HTTP/1.1" 200 20958
[2024-10-18 15:09:28,398] "GET /ru/catalogue/category/l_8/ HTTP/1.1" 200 22776
[2024-10-18 15:09:42,841] "GET /ru/dashboard/ HTTP/1.1" 200 24582
[2024-10-18 15:09:57,377] "GET /ru/dashboard/catalogue/product-types/ HTTP/1.1" 200 23967
[2024-10-18 15:10:04,506] "GET /ru/dashboard/catalogue/product-type/create/ HTTP/1.1" 200 45467
[2024-10-18 15:10:12,663] "GET /ru/dashboard/catalogue/option/create/?_to_field=id&_popup=1 HTTP/1.1" 200 11079
[2024-10-18 15:10:34,719] "GET / HTTP/1.1" 302 0
[2024-10-18 15:10:35,068] "GET /ru/ HTTP/1.1" 302 0
[2024-10-18 15:10:36,000] "GET /ru/catalogue/ HTTP/1.1" 200 56687
[2024-10-18 15:10:50,121] "GET /ru/catalogue/?selected_facets=product_class%3Abook HTTP/1.1" 200 56896
[2024-10-18 15:10:50,565] "GET /media/cache/6d/7c/6d7c2a65ea1119cf7fb68c1bef20d9a9.jpg HTTP/1.1" 200 10491
[2024-10-18 15:10:50,573] "GET /media/cache/e2/3e/e23e0a67343a23c02edf4a4293862e96.jpg HTTP/1.1" 200 9514
[2024-10-18 15:10:50,577] "GET /media/cache/64/4c/644c6186fc5aea753e9fbe55df64be97.jpg HTTP/1.1" 200 9111
[2024-10-18 15:10:54,318] "GET /ru/catalogue/ HTTP/1.1" 200 56687
[2024-10-18 15:21:56,540] "GET /ru/dashboard/ HTTP/1.1" 200 24582
[2024-10-18 15:22:06,109] "GET / HTTP/1.1" 302 0
[2024-10-18 15:22:06,704] "GET /ru/ HTTP/1.1" 302 0
[2024-10-18 15:22:07,653] "GET /ru/catalogue/ HTTP/1.1" 200 56687
[2024-10-18 15:22:08,888] "GET /ru/accounts/logout/ HTTP/1.1" 302 0
[2024-10-18 15:22:09,822] "GET /ru/catalogue/ HTTP/1.1" 200 56003
[2024-10-18 15:22:11,123] "GET /ru/accounts/login/ HTTP/1.1" 200 16788
[2024-10-18 15:22:15,408] "POST /ru/accounts/login/ HTTP/1.1" 302 0
[2024-10-18 15:22:15,747] "GET / HTTP/1.1" 302 0
[2024-10-18 15:22:16,096] "GET /ru/ HTTP/1.1" 302 0
[2024-10-18 15:22:17,045] "GET /ru/catalogue/ HTTP/1.1" 200 57182
[2024-10-18 15:22:19,985] "GET /ru/dashboard/ HTTP/1.1" 200 16980
[2024-10-18 15:22:33,554] "GET /ru/dashboard/ HTTP/1.1" 304 0
[2024-10-18 15:22:35,539] "GET /ru/dashboard/catalogue/ HTTP/1.1" 200 14504
[2024-10-18 15:22:43,388] "GET /ru/dashboard/catalogue/products/create/?product_class=4 HTTP/1.1" 302 0
[2024-10-18 15:22:43,849] "GET /ru/dashboard/catalogue/products/create/l/ HTTP/1.1" 200 51235
[2024-10-18 15:23:41,498] "POST /ru/dashboard/catalogue/products/create/l/ HTTP/1.1" 302 0
[2024-10-18 15:23:42,080] "GET /ru/dashboard/catalogue/ HTTP/1.1" 200 16976
[2024-10-18 15:23:43,949] "GET /ru/catalogue/rbryrn_213/ HTTP/1.1" 200 22338
[2024-10-18 15:23:44,378] "GET /media/cache/6d/30/6d30a642ea133b14f6effb952c62475c.jpg HTTP/1.1" 200 4725
[2024-10-18 15:23:46,982] "GET /ru/catalogue/ HTTP/1.1" 200 56687
[2024-10-18 15:23:49,222] "GET /ru/catalogue/category/l_8/ HTTP/1.1" 200 22541
[2024-10-18 15:23:53,892] "GET /ru/catalogue/category/l_8/ HTTP/1.1" 200 22541
[2024-10-18 15:23:56,891] "GET /ru/catalogue/category/l_8/ HTTP/1.1" 200 22541
[2024-10-18 15:23:59,652] "GET /ru/dashboard/ HTTP/1.1" 200 16980
[2024-10-18 15:24:01,942] "GET /ru/dashboard/catalogue/ HTTP/1.1" 200 16175
[2024-10-18 15:24:04,803] "GET /ru/dashboard/catalogue/products/213/? HTTP/1.1" 200 58713
[2024-10-18 15:24:07,127] "GET /ru/catalogue/rbryrn_213/ HTTP/1.1" 200 22338
[2024-10-18 15:24:09,141] "GET /ru/catalogue/ HTTP/1.1" 200 56687
[2024-10-18 15:24:11,189] "GET /ru/catalogue/category/l_8/ HTTP/1.1" 200 22541
[2024-10-18 15:24:15,527] "GET /ru/catalogue/category/red_9/ HTTP/1.1" 200 20723
[2024-10-18 15:24:23,710] "GET /ru/catalogue/category/red_9/?selected_facets=product_class%3ANone HTTP/1.1" 200 16120
[2024-10-18 15:24:27,233] "GET /ru/dashboard/ HTTP/1.1" 200 16980
[2024-10-18 15:24:29,855] "GET /ru/dashboard/catalogue/ HTTP/1.1" 200 16175
[2024-10-18 15:24:31,925] "GET /ru/dashboard/catalogue/products/213/? HTTP/1.1" 200 58713
[2024-10-18 15:24:41,690] "POST /ru/dashboard/catalogue/products/213/? HTTP/1.1" 302 0
[2024-10-18 15:24:42,099] "GET /ru/dashboard/catalogue/ HTTP/1.1" 200 16980
[2024-10-18 15:24:47,151] "GET / HTTP/1.1" 302 0
[2024-10-18 15:24:47,508] "GET /ru/ HTTP/1.1" 302 0
[2024-10-18 15:24:48,414] "GET /ru/catalogue/ HTTP/1.1" 200 56687
[2024-10-18 15:24:50,953] "GET /ru/catalogue/category/l_8/ HTTP/1.1" 200 24378
[2024-10-18 15:25:11,648] "GET /ru/accounts/logout/ HTTP/1.1" 302 0
[2024-10-18 15:25:12,585] "GET /ru/catalogue/ HTTP/1.1" 200 56003
[2024-10-18 15:25:14,592] "GET /ru/accounts/login/ HTTP/1.1" 200 16788
[2024-10-18 15:25:17,853] "POST /ru/accounts/login/ HTTP/1.1" 302 0
[2024-10-18 15:25:18,212] "GET /ru/dashboard/ HTTP/1.1" 200 25192
[2024-10-18 15:25:22,560] "GET /ru/dashboard/partners/ HTTP/1.1" 200 24817
[2024-10-18 15:25:27,136] "GET /ru/dashboard/partners/4/ HTTP/1.1" 200 34561
[2024-10-18 15:25:45,577] "GET /ru/dashboard/catalogue/ HTTP/1.1" 200 57523
[2024-10-18 15:25:46,373] "GET /media/cache/97/cf/97cf0f068566603a974d802cb9ca4800.jpg HTTP/1.1" 200 3126
[2024-10-18 15:25:46,400] "GET /media/cache/ef/ff/efff222830f04c384d6248a71f2ac684.jpg HTTP/1.1" 200 2554
[2024-10-18 15:25:46,401] "GET /media/cache/04/d1/04d1d8bbde2cbad3438cedeb05691c53.jpg HTTP/1.1" 200 2769
[2024-10-18 15:25:46,402] "GET /media/cache/e1/e5/e1e53ff7696fbe37676a8c437878e69d.jpg HTTP/1.1" 200 3072
[2024-10-18 15:25:46,404] "GET /media/cache/ae/87/ae870acaf13694d7d93669ed22ab49da.jpg HTTP/1.1" 200 3926
[2024-10-18 15:25:46,409] "GET /media/cache/95/6a/956ae297a17134e7a4227773779034e2.jpg HTTP/1.1" 200 3239
[2024-10-18 15:25:46,736] "GET /media/cache/3e/bc/3ebc96236db9c5c694be66edc6636880.jpg HTTP/1.1" 200 3082
[2024-10-18 15:25:46,760] "GET /media/cache/85/16/851601ef08b94998c7abc30b0577b61d.jpg HTTP/1.1" 200 2403
[2024-10-18 15:25:46,760] "GET /media/cache/4c/a4/4ca450f95b21b1a585221d8cc995ebde.jpg HTTP/1.1" 200 1795
[2024-10-18 15:25:46,762] "GET /media/cache/cb/88/cb88f9edebf16568cf617d9131ffa547.jpg HTTP/1.1" 200 2392
[2024-10-18 15:25:46,763] "GET /media/cache/b0/e3/b0e3a8f5fa08a7c11ac75b597055b4b3.jpg HTTP/1.1" 200 2214
[2024-10-18 15:25:46,764] "GET /media/cache/39/e2/39e2e9b69cb871a64f0afd33b584067c.jpg HTTP/1.1" 200 3265
[2024-10-18 15:26:13,809] "GET /ru/dashboard/reports/ HTTP/1.1" 200 18810
[2024-10-18 15:26:24,664] "GET /ru/dashboard/logout/ HTTP/1.1" 405 0
[2024-10-18 15:26:25,149] "GET /favicon.ico HTTP/1.1" 404 3634
[2024-10-18 15:26:27,416] "GET / HTTP/1.1" 302 0
[2024-10-18 15:26:27,770] "GET /ru/ HTTP/1.1" 302 0
[2024-10-18 15:26:28,703] "GET /ru/catalogue/ HTTP/1.1" 200 56687
[2024-10-18 15:26:29,167] "GET /media/cache/bc/07/bc0729419b53eb2d0651e42b837daf02.jpg HTTP/1.1" 200 3061
[2024-10-18 15:26:29,170] "GET /media/cache/25/eb/25ebd8bfde41cbe914d348e493b04ee9.jpg HTTP/1.1" 200 10630
[2024-10-18 15:26:29,172] "GET /media/cache/19/12/191241d0ee883507d9690d419ff3dd35.jpg HTTP/1.1" 200 10386
[2024-10-18 15:26:29,173] "GET /media/cache/30/08/30081bda05752ae1c5bb34562427b9ab.jpg HTTP/1.1" 200 9628
[2024-10-18 15:26:29,174] "GET /media/cache/00/80/00805ab27f4b5b98782477396a0d412f.jpg HTTP/1.1" 200 11247
[2024-10-18 15:26:29,174] "GET /media/cache/65/15/6515c61c4de491a9b4a1a99fd64f8b00.jpg HTTP/1.1" 200 7506
[2024-10-18 15:26:29,504] "GET /media/cache/e0/66/e066c2a1335b0ef4131c742838cd6f27.jpg HTTP/1.1" 200 6075
[2024-10-18 15:26:29,504] "GET /media/cache/8d/1f/8d1f02288e9f83ac9f24df54a9e81a97.jpg HTTP/1.1" 200 11809
[2024-10-18 15:26:29,511] "GET /media/cache/e6/4d/e64d3af291c4a705edc1f579031fd02d.jpg HTTP/1.1" 200 11093
[2024-10-18 15:26:29,511] "GET /media/cache/5a/26/5a26c87077b7df348cc1cb7b22119852.jpg HTTP/1.1" 200 10158
[2024-10-18 15:26:31,382] "GET /ru/accounts/logout/ HTTP/1.1" 302 0
[2024-10-18 15:26:32,345] "GET /ru/catalogue/ HTTP/1.1" 200 56003
[2024-10-18 15:26:35,892] "GET /ru/catalogue/category/l_8/ HTTP/1.1" 200 23694
[2024-10-18 15:26:37,655] "GET /ru/catalogue/rbryrn_213/ HTTP/1.1" 200 21440
[2024-10-18 15:26:38,078] "GET /media/cache/6d/30/6d30a642ea133b14f6effb952c62475c.jpg HTTP/1.1" 200 4725
[2024-10-18 15:26:39,522] "POST /ru/basket/add/213/ HTTP/1.1" 302 0
[2024-10-18 15:26:39,964] "GET /ru/catalogue/rbryrn_213/ HTTP/1.1" 200 24419
[2024-10-18 15:26:40,451] "GET /media/cache/57/e5/57e54a0f49a1c5aa6ddc46195051e79a.jpg HTTP/1.1" 200 1366
[2024-10-18 15:26:42,707] "GET /ru/checkout/ HTTP/1.1" 200 5917
[2024-10-18 15:27:12,506] "POST /ru/checkout/ HTTP/1.1" 302 0
[2024-10-18 15:27:12,871] "GET /ru/checkout/shipping-address/ HTTP/1.1" 302 0
[2024-10-18 15:27:13,285] "GET /ru/checkout/shipping-method/ HTTP/1.1" 302 0
[2024-10-18 15:27:13,701] "GET /ru/checkout/payment-method/ HTTP/1.1" 302 0
[2024-10-18 15:27:14,137] "GET /ru/checkout/payment-details/ HTTP/1.1" 200 4240
[2024-10-18 15:27:16,166] "GET /ru/checkout/preview/ HTTP/1.1" 200 10717
[2024-10-18 15:27:20,272] Order #100006: beginning submission process for basket #6
[2024-10-18 15:27:20,273] Order #100006: payment successful, placing order
[2024-10-18 15:27:20,289] Order #100006: unhandled exception while placing order ('NoneType' object has no attribute 'session')
Traceback (most recent call last):
  File "/home/rikitwiki/django-oscar/src/oscar/apps/checkout/views.py", line 665, in submit
    return self.handle_order_placement(
  File "/home/rikitwiki/django-oscar/src/oscar/apps/checkout/mixins.py", line 110, in handle_order_placement
    order = self.place_order(
  File "/home/rikitwiki/django-oscar/src/oscar/apps/checkout/mixins.py", line 162, in place_order
    order = OrderCreator().place_order(
  File "/home/rikitwiki/django-oscar/src/oscar/apps/order/utils.py", line 142, in place_order
    referral_code = self.request.session.get(settings.REFERRAL_SESSION_KEY, None)
AttributeError: 'NoneType' object has no attribute 'session'
[2024-10-18 15:27:20,314] "POST /ru/checkout/preview/ HTTP/1.1" 200 10869
[2024-10-18 15:27:25,871] "GET /ru/checkout/payment-details/ HTTP/1.1" 304 0
[2024-10-18 15:56:59,848] "GET / HTTP/1.1" 302 0
[2024-10-18 15:57:00,456] "GET /ru/ HTTP/1.1" 302 0
[2024-10-18 15:57:01,640] "GET /ru/catalogue/ HTTP/1.1" 200 57495
[2024-10-18 15:57:02,233] "GET /media/cache/25/eb/25ebd8bfde41cbe914d348e493b04ee9.jpg HTTP/1.1" 200 10630
[2024-10-18 15:57:02,240] "GET /media/cache/00/80/00805ab27f4b5b98782477396a0d412f.jpg HTTP/1.1" 200 11247
[2024-10-18 15:57:02,247] "GET /media/cache/65/15/6515c61c4de491a9b4a1a99fd64f8b00.jpg HTTP/1.1" 200 7506
[2024-10-18 15:57:02,247] "GET /media/cache/bc/07/bc0729419b53eb2d0651e42b837daf02.jpg HTTP/1.1" 200 3061
[2024-10-18 15:57:02,248] "GET /media/cache/19/12/191241d0ee883507d9690d419ff3dd35.jpg HTTP/1.1" 200 10386
[2024-10-18 15:57:02,249] "GET /media/cache/30/08/30081bda05752ae1c5bb34562427b9ab.jpg HTTP/1.1" 200 9628
[2024-10-18 15:57:02,675] "GET /static/oscar/favicon.ico HTTP/1.1" 200 1150
[2024-10-18 15:57:02,717] "GET /media/cache/e0/66/e066c2a1335b0ef4131c742838cd6f27.jpg HTTP/1.1" 200 6075
[2024-10-18 15:57:02,717] "GET /media/cache/5a/26/5a26c87077b7df348cc1cb7b22119852.jpg HTTP/1.1" 200 10158
[2024-10-18 15:57:02,718] "GET /media/cache/8d/1f/8d1f02288e9f83ac9f24df54a9e81a97.jpg HTTP/1.1" 200 11809
[2024-10-18 15:57:02,719] "GET /media/cache/e6/4d/e64d3af291c4a705edc1f579031fd02d.jpg HTTP/1.1" 200 11093
[2024-10-18 15:57:03,509] "GET /ru/accounts/login/ HTTP/1.1" 200 18280
[2024-10-18 15:57:07,199] "POST /ru/accounts/login/ HTTP/1.1" 302 0
[2024-10-18 15:57:07,617] "GET /ru/dashboard/ HTTP/1.1" 200 26049
[2024-10-18 15:57:34,991] "GET /ru/dashboard/orders/ HTTP/1.1" 200 33638
[2024-10-18 15:57:38,982] "GET /ru/dashboard/orders/ HTTP/1.1" 200 33638
[2024-10-18 15:57:40,558] "GET /ru/dashboard/orders/ HTTP/1.1" 200 33638
[2024-10-18 15:57:56,031] "GET /ru/dashboard/orders/100006/ HTTP/1.1" 200 38336
[2024-10-18 15:58:43,157] "GET /ru/dashboard/orders/100006/lines/3/ HTTP/1.1" 200 20075
[2024-10-18 15:58:55,969] "GET / HTTP/1.1" 302 0
[2024-10-18 15:58:56,343] "GET /ru/ HTTP/1.1" 302 0
[2024-10-18 15:58:57,440] "GET /ru/catalogue/ HTTP/1.1" 200 58704
[2024-10-18 15:58:58,006] "GET /media/cache/00/80/00805ab27f4b5b98782477396a0d412f.jpg HTTP/1.1" 200 11247
[2024-10-18 15:58:58,008] "GET /media/cache/25/eb/25ebd8bfde41cbe914d348e493b04ee9.jpg HTTP/1.1" 200 10630
[2024-10-18 15:58:58,009] "GET /media/cache/65/15/6515c61c4de491a9b4a1a99fd64f8b00.jpg HTTP/1.1" 200 7506
[2024-10-18 15:58:58,009] "GET /media/cache/19/12/191241d0ee883507d9690d419ff3dd35.jpg HTTP/1.1" 200 10386
[2024-10-18 15:58:58,011] "GET /media/cache/bc/07/bc0729419b53eb2d0651e42b837daf02.jpg HTTP/1.1" 200 3061
[2024-10-18 15:58:58,012] "GET /media/cache/30/08/30081bda05752ae1c5bb34562427b9ab.jpg HTTP/1.1" 200 9628
[2024-10-18 15:58:58,360] "GET /media/cache/5a/26/5a26c87077b7df348cc1cb7b22119852.jpg HTTP/1.1" 200 10158
[2024-10-18 15:58:58,361] "GET /media/cache/e6/4d/e64d3af291c4a705edc1f579031fd02d.jpg HTTP/1.1" 200 11093
[2024-10-18 15:58:58,367] "GET /media/cache/e0/66/e066c2a1335b0ef4131c742838cd6f27.jpg HTTP/1.1" 200 6075
[2024-10-18 15:58:58,367] "GET /media/cache/8d/1f/8d1f02288e9f83ac9f24df54a9e81a97.jpg HTTP/1.1" 200 11809
[2024-10-18 16:05:09,055] "POST /ru/basket/add/13/ HTTP/1.1" 302 0
[2024-10-18 16:05:10,403] "GET /ru/catalogue/ HTTP/1.1" 200 59112
[2024-10-18 16:05:19,267] "GET /ru/basket/ HTTP/1.1" 200 21543
[2024-10-18 16:05:35,549] "GET /ru/checkout/ HTTP/1.1" 302 0
[2024-10-18 16:05:36,106] "GET /ru/checkout/shipping-address/ HTTP/1.1" 302 0
[2024-10-18 16:05:36,762] "GET /ru/checkout/shipping-method/ HTTP/1.1" 302 0
[2024-10-18 16:05:37,213] "GET /ru/checkout/payment-method/ HTTP/1.1" 302 0
[2024-10-18 16:05:37,661] "GET /ru/checkout/payment-details/ HTTP/1.1" 200 4240
[2024-10-18 16:06:25,554] "GET /ru/checkout/preview/ HTTP/1.1" 200 10717
[2024-10-18 16:06:29,005] Order #100003: beginning submission process for basket #3
[2024-10-18 16:06:29,012] Order #100003: payment successful, placing order
[2024-10-18 16:06:29,036] Order #100003: unhandled exception while placing order ('NoneType' object has no attribute 'session')
Traceback (most recent call last):
  File "/home/rikitwiki/django-oscar/src/oscar/apps/checkout/views.py", line 665, in submit
    return self.handle_order_placement(
  File "/home/rikitwiki/django-oscar/src/oscar/apps/checkout/mixins.py", line 110, in handle_order_placement
    order = self.place_order(
  File "/home/rikitwiki/django-oscar/src/oscar/apps/checkout/mixins.py", line 162, in place_order
    order = OrderCreator().place_order(
  File "/home/rikitwiki/django-oscar/src/oscar/apps/order/utils.py", line 142, in place_order
    referral_code = self.request.session.get(settings.REFERRAL_SESSION_KEY, None)
AttributeError: 'NoneType' object has no attribute 'session'
[2024-10-18 16:06:29,065] "POST /ru/checkout/preview/ HTTP/1.1" 200 10869
[2024-10-18 16:07:26,726] "GET /ru/checkout/payment-details/ HTTP/1.1" 200 4240
[2024-10-18 16:07:29,697] "GET /ru/checkout/preview/ HTTP/1.1" 200 10717
[2024-10-18 16:07:36,207] Order #100003: beginning submission process for basket #3
[2024-10-18 16:07:36,209] Order #100003: payment successful, placing order
[2024-10-18 16:07:36,210] Order #100003: unhandled exception while placing order (Уже есть заказ с номером 100003)
Traceback (most recent call last):
  File "/home/rikitwiki/django-oscar/src/oscar/apps/checkout/views.py", line 665, in submit
    return self.handle_order_placement(
  File "/home/rikitwiki/django-oscar/src/oscar/apps/checkout/mixins.py", line 110, in handle_order_placement
    order = self.place_order(
  File "/home/rikitwiki/django-oscar/src/oscar/apps/checkout/mixins.py", line 162, in place_order
    order = OrderCreator().place_order(
  File "/home/rikitwiki/django-oscar/src/oscar/apps/order/utils.py", line 84, in place_order
    raise ValueError(
ValueError: Уже есть заказ с номером 100003
[2024-10-18 16:07:36,246] "POST /ru/checkout/preview/ HTTP/1.1" 200 10869
[2024-10-18 16:07:39,311] "GET /ru/checkout/shipping-method/ HTTP/1.1" 302 0
[2024-10-18 16:07:39,695] "GET /ru/checkout/payment-method/ HTTP/1.1" 302 0
[2024-10-18 16:07:40,154] "GET /ru/checkout/payment-details/ HTTP/1.1" 304 0
[2024-10-18 16:07:49,393] "GET /ru/checkout/preview/ HTTP/1.1" 200 10717
[2024-10-18 16:21:19,221] "GET /ru/checkout/preview/ HTTP/1.1" 200 10717
[2024-10-18 16:21:25,560] "GET /ru/basket/ HTTP/1.1" 200 21543
[2024-10-18 16:21:27,327] "GET /ru/catalogue/ HTTP/1.1" 200 58179
[2024-10-18 16:21:27,802] "GET /media/cache/65/15/6515c61c4de491a9b4a1a99fd64f8b00.jpg HTTP/1.1" 200 7506
[2024-10-18 16:21:27,803] "GET /media/cache/00/80/00805ab27f4b5b98782477396a0d412f.jpg HTTP/1.1" 200 11247
[2024-10-18 16:21:27,807] "GET /media/cache/19/12/191241d0ee883507d9690d419ff3dd35.jpg HTTP/1.1" 200 10386
[2024-10-18 16:21:27,809] "GET /media/cache/30/08/30081bda05752ae1c5bb34562427b9ab.jpg HTTP/1.1" 200 9628
[2024-10-18 16:21:27,812] "GET /media/cache/bc/07/bc0729419b53eb2d0651e42b837daf02.jpg HTTP/1.1" 200 3061
[2024-10-18 16:21:27,813] "GET /media/cache/25/eb/25ebd8bfde41cbe914d348e493b04ee9.jpg HTTP/1.1" 200 10630
[2024-10-18 16:21:28,154] "GET /media/cache/5a/26/5a26c87077b7df348cc1cb7b22119852.jpg HTTP/1.1" 200 10158
[2024-10-18 16:21:28,156] "GET /media/cache/8d/1f/8d1f02288e9f83ac9f24df54a9e81a97.jpg HTTP/1.1" 200 11809
[2024-10-18 16:21:28,157] "GET /media/cache/e0/66/e066c2a1335b0ef4131c742838cd6f27.jpg HTTP/1.1" 200 6075
[2024-10-18 16:21:28,157] "GET /media/cache/e6/4d/e64d3af291c4a705edc1f579031fd02d.jpg HTTP/1.1" 200 11093
[2024-10-18 16:21:30,614] "GET /ru/dashboard/orders/100006/lines/3/ HTTP/1.1" 200 20059
[2024-10-18 16:21:36,544] "GET /ru/dashboard/orders/100006/ HTTP/1.1" 200 38320
[2024-10-18 16:22:15,022] "GET / HTTP/1.1" 302 0
[2024-10-18 16:22:15,362] "GET /ru/ HTTP/1.1" 302 0
[2024-10-18 16:22:16,397] "GET /ru/catalogue/ HTTP/1.1" 200 58179
[2024-10-18 16:22:58,179] "GET /ru/accounts/logout/ HTTP/1.1" 302 0
[2024-10-18 16:22:59,211] "GET /ru/catalogue/ HTTP/1.1" 200 56003
[2024-10-18 16:23:00,666] "GET /ru/accounts/login/ HTTP/1.1" 200 16788
[2024-10-18 16:23:03,468] "POST /ru/accounts/login/ HTTP/1.1" 302 0
[2024-10-18 16:23:03,879] "GET /ru/dashboard/ HTTP/1.1" 200 26048
[2024-10-18 16:28:04,816] "GET /ru/dashboard/ HTTP/1.1" 200 25438
[2024-10-18 16:28:04,926] "GET /static/oscar/js/oscar/ui.js HTTP/1.1" 304 0
[2024-10-18 16:28:04,926] "GET /static/oscar/js/bootstrap4/bootstrap.bundle.min.js HTTP/1.1" 304 0
[2024-10-18 16:28:04,927] "GET /static/oscar/js/mousewheel/jquery.mousewheel.js HTTP/1.1" 304 0
[2024-10-18 16:28:04,930] "GET /static/oscar/js/bootstrap4-datetimepicker/moment-with-locales.min.js HTTP/1.1" 304 0
[2024-10-18 16:28:04,934] "GET /static/oscar/js/bootstrap4-datetimepicker/tempusdominus-bootstrap-4.min.js HTTP/1.1" 304 0
[2024-10-18 16:28:04,935] "GET /static/oscar/js/inputmask/jquery.inputmask.min.js HTTP/1.1" 304 0
[2024-10-18 16:28:04,941] "GET /static/oscar/js/select2/select2.min.js HTTP/1.1" 304 0
[2024-10-18 16:28:04,948] "GET /static/oscar/js/jquery-sortable/jquery-sortable-min.js HTTP/1.1" 304 0
[2024-10-18 16:28:04,949] "GET /static/oscar/js/oscar/RelatedObjectLookups.js HTTP/1.1" 304 0
[2024-10-18 16:28:04,949] "GET /static/oscar/js/oscar/dashboard.js HTTP/1.1" 304 0
[2024-10-18 16:28:04,953] "GET /static/oscar/js/tinymce/tinymce.min.js HTTP/1.1" 304 0
[2024-10-18 16:28:04,954] "GET /static/oscar/js/tinymce/jquery.tinymce.min.js HTTP/1.1" 304 0
[2024-10-18 16:28:05,286] "GET /static/oscar/img/ui/dashboard/logo_oscar.png HTTP/1.1" 200 5469
[2024-10-18 16:33:05,563] "GET /ru/dashboard/ HTTP/1.1" 200 25438
[2024-10-18 16:33:05,686] "GET /static/oscar/js/bootstrap4/bootstrap.bundle.min.js HTTP/1.1" 304 0
[2024-10-18 16:33:05,688] "GET /static/oscar/js/oscar/ui.js HTTP/1.1" 304 0
[2024-10-18 16:33:05,690] "GET /static/oscar/js/mousewheel/jquery.mousewheel.js HTTP/1.1" 304 0
[2024-10-18 16:33:05,692] "GET /static/oscar/js/bootstrap4-datetimepicker/moment-with-locales.min.js HTTP/1.1" 304 0
[2024-10-18 16:33:05,696] "GET /static/oscar/js/bootstrap4-datetimepicker/tempusdominus-bootstrap-4.min.js HTTP/1.1" 304 0
[2024-10-18 16:33:05,698] "GET /static/oscar/js/inputmask/jquery.inputmask.min.js HTTP/1.1" 304 0
[2024-10-18 16:33:05,699] "GET /static/oscar/js/select2/select2.min.js HTTP/1.1" 304 0
[2024-10-18 16:33:05,699] "GET /static/oscar/js/oscar/RelatedObjectLookups.js HTTP/1.1" 304 0
[2024-10-18 16:33:05,700] "GET /static/oscar/js/oscar/dashboard.js HTTP/1.1" 304 0
[2024-10-18 16:33:05,700] "GET /static/oscar/js/jquery-sortable/jquery-sortable-min.js HTTP/1.1" 304 0
[2024-10-18 16:33:05,702] "GET /static/oscar/js/tinymce/tinymce.min.js HTTP/1.1" 304 0
[2024-10-18 16:33:05,705] "GET /static/oscar/js/tinymce/jquery.tinymce.min.js HTTP/1.1" 304 0
[2024-10-18 16:33:05,888] "GET /static/oscar/img/ui/dashboard/logo_oscar.png HTTP/1.1" 200 5469
[2024-10-18 16:38:06,421] "GET /ru/dashboard/ HTTP/1.1" 200 25438
[2024-10-18 16:38:06,547] "GET /static/oscar/js/bootstrap4/bootstrap.bundle.min.js HTTP/1.1" 304 0
[2024-10-18 16:38:06,549] "GET /static/oscar/js/oscar/ui.js HTTP/1.1" 304 0
[2024-10-18 16:38:06,550] "GET /static/oscar/js/mousewheel/jquery.mousewheel.js HTTP/1.1" 304 0
[2024-10-18 16:38:06,552] "GET /static/oscar/js/bootstrap4-datetimepicker/moment-with-locales.min.js HTTP/1.1" 304 0
[2024-10-18 16:38:06,554] "GET /static/oscar/js/bootstrap4-datetimepicker/tempusdominus-bootstrap-4.min.js HTTP/1.1" 304 0
[2024-10-18 16:38:06,556] "GET /static/oscar/js/inputmask/jquery.inputmask.min.js HTTP/1.1" 304 0
[2024-10-18 16:38:06,558] "GET /static/oscar/js/select2/select2.min.js HTTP/1.1" 304 0
[2024-10-18 16:38:06,559] "GET /static/oscar/js/jquery-sortable/jquery-sortable-min.js HTTP/1.1" 304 0
[2024-10-18 16:38:06,563] "GET /static/oscar/js/oscar/dashboard.js HTTP/1.1" 304 0
[2024-10-18 16:38:06,565] "GET /static/oscar/js/oscar/RelatedObjectLookups.js HTTP/1.1" 304 0
[2024-10-18 16:38:06,565] "GET /static/oscar/js/tinymce/tinymce.min.js HTTP/1.1" 304 0
[2024-10-18 16:38:06,566] "GET /static/oscar/js/tinymce/jquery.tinymce.min.js HTTP/1.1" 304 0
[2024-10-18 16:38:06,788] "GET /static/oscar/img/ui/dashboard/logo_oscar.png HTTP/1.1" 304 0
[2024-10-18 16:43:07,182] "GET /ru/dashboard/ HTTP/1.1" 200 25438
[2024-10-18 16:43:07,292] "GET /static/oscar/js/bootstrap4/bootstrap.bundle.min.js HTTP/1.1" 304 0
[2024-10-18 16:43:07,294] "GET /static/oscar/js/oscar/ui.js HTTP/1.1" 304 0
[2024-10-18 16:43:07,297] "GET /static/oscar/js/mousewheel/jquery.mousewheel.js HTTP/1.1" 304 0
[2024-10-18 16:43:07,299] "GET /static/oscar/js/bootstrap4-datetimepicker/moment-with-locales.min.js HTTP/1.1" 304 0
[2024-10-18 16:43:07,304] "GET /static/oscar/js/inputmask/jquery.inputmask.min.js HTTP/1.1" 304 0
[2024-10-18 16:43:07,304] "GET /static/oscar/js/bootstrap4-datetimepicker/tempusdominus-bootstrap-4.min.js HTTP/1.1" 304 0
[2024-10-18 16:43:07,305] "GET /static/oscar/js/select2/select2.min.js HTTP/1.1" 304 0
[2024-10-18 16:43:07,306] "GET /static/oscar/js/jquery-sortable/jquery-sortable-min.js HTTP/1.1" 304 0
[2024-10-18 16:43:07,309] "GET /static/oscar/js/oscar/dashboard.js HTTP/1.1" 304 0
[2024-10-18 16:43:07,310] "GET /static/oscar/js/oscar/RelatedObjectLookups.js HTTP/1.1" 304 0
[2024-10-18 16:43:07,311] "GET /static/oscar/js/tinymce/tinymce.min.js HTTP/1.1" 304 0
[2024-10-18 16:43:07,315] "GET /static/oscar/js/tinymce/jquery.tinymce.min.js HTTP/1.1" 304 0
[2024-10-18 16:43:07,489] "GET /static/oscar/img/ui/dashboard/logo_oscar.png HTTP/1.1" 304 0
[2024-10-18 16:48:13,761] "GET /ru/dashboard/ HTTP/1.1" 200 25438
[2024-10-18 16:48:13,864] "GET /static/oscar/js/bootstrap4/bootstrap.bundle.min.js HTTP/1.1" 304 0
[2024-10-18 16:48:13,866] "GET /static/oscar/js/oscar/ui.js HTTP/1.1" 304 0
[2024-10-18 16:48:13,867] "GET /static/oscar/js/mousewheel/jquery.mousewheel.js HTTP/1.1" 304 0
[2024-10-18 16:48:13,870] "GET /static/oscar/js/bootstrap4-datetimepicker/moment-with-locales.min.js HTTP/1.1" 304 0
[2024-10-18 16:48:13,875] "GET /static/oscar/js/bootstrap4-datetimepicker/tempusdominus-bootstrap-4.min.js HTTP/1.1" 304 0
[2024-10-18 16:48:13,876] "GET /static/oscar/js/select2/select2.min.js HTTP/1.1" 304 0
[2024-10-18 16:48:13,876] "GET /static/oscar/js/inputmask/jquery.inputmask.min.js HTTP/1.1" 304 0
[2024-10-18 16:48:13,880] "GET /static/oscar/js/jquery-sortable/jquery-sortable-min.js HTTP/1.1" 304 0
[2024-10-18 16:48:13,882] "GET /static/oscar/js/oscar/RelatedObjectLookups.js HTTP/1.1" 304 0
[2024-10-18 16:48:13,882] "GET /static/oscar/js/oscar/dashboard.js HTTP/1.1" 304 0
[2024-10-18 16:48:13,884] "GET /static/oscar/js/tinymce/tinymce.min.js HTTP/1.1" 304 0
[2024-10-18 16:48:13,886] "GET /static/oscar/js/tinymce/jquery.tinymce.min.js HTTP/1.1" 304 0
[2024-10-18 16:48:14,075] "GET /static/oscar/img/ui/dashboard/logo_oscar.png HTTP/1.1" 304 0
[2024-10-18 16:53:14,864] "GET /ru/dashboard/ HTTP/1.1" 200 25438
[2024-10-18 16:53:14,983] "GET /static/oscar/js/bootstrap4/bootstrap.bundle.min.js HTTP/1.1" 304 0
[2024-10-18 16:53:14,986] "GET /static/oscar/js/mousewheel/jquery.mousewheel.js HTTP/1.1" 304 0
[2024-10-18 16:53:14,987] "GET /static/oscar/js/oscar/ui.js HTTP/1.1" 304 0
[2024-10-18 16:53:14,988] "GET /static/oscar/js/bootstrap4-datetimepicker/moment-with-locales.min.js HTTP/1.1" 304 0
[2024-10-18 16:53:14,989] "GET /static/oscar/js/bootstrap4-datetimepicker/tempusdominus-bootstrap-4.min.js HTTP/1.1" 304 0
[2024-10-18 16:53:14,990] "GET /static/oscar/js/inputmask/jquery.inputmask.min.js HTTP/1.1" 304 0
[2024-10-18 16:53:14,991] "GET /static/oscar/js/jquery-sortable/jquery-sortable-min.js HTTP/1.1" 304 0
[2024-10-18 16:53:14,992] "GET /static/oscar/js/select2/select2.min.js HTTP/1.1" 304 0
[2024-10-18 16:53:14,994] "GET /static/oscar/js/oscar/dashboard.js HTTP/1.1" 304 0
[2024-10-18 16:53:14,996] "GET /static/oscar/js/oscar/RelatedObjectLookups.js HTTP/1.1" 304 0
[2024-10-18 16:53:14,997] "GET /static/oscar/js/tinymce/tinymce.min.js HTTP/1.1" 304 0
[2024-10-18 16:53:14,998] "GET /static/oscar/js/tinymce/jquery.tinymce.min.js HTTP/1.1" 304 0
[2024-10-18 16:58:16,942] "GET /ru/dashboard/ HTTP/1.1" 200 25438
[2024-10-18 16:58:17,070] "GET /static/oscar/js/bootstrap4/bootstrap.bundle.min.js HTTP/1.1" 304 0
[2024-10-18 16:58:17,071] "GET /static/oscar/js/bootstrap4-datetimepicker/moment-with-locales.min.js HTTP/1.1" 304 0
[2024-10-18 16:58:17,071] "GET /static/oscar/js/mousewheel/jquery.mousewheel.js HTTP/1.1" 304 0
[2024-10-18 16:58:17,072] "GET /static/oscar/js/inputmask/jquery.inputmask.min.js HTTP/1.1" 304 0
[2024-10-18 16:58:17,072] "GET /static/oscar/js/oscar/ui.js HTTP/1.1" 304 0
[2024-10-18 16:58:17,072] "GET /static/oscar/js/bootstrap4-datetimepicker/tempusdominus-bootstrap-4.min.js HTTP/1.1" 304 0
[2024-10-18 16:58:17,073] "GET /static/oscar/js/select2/select2.min.js HTTP/1.1" 304 0
[2024-10-18 16:58:17,073] "GET /static/oscar/js/jquery-sortable/jquery-sortable-min.js HTTP/1.1" 304 0
[2024-10-18 16:58:17,074] "GET /static/oscar/js/oscar/RelatedObjectLookups.js HTTP/1.1" 304 0
[2024-10-18 16:58:17,075] "GET /static/oscar/js/tinymce/tinymce.min.js HTTP/1.1" 304 0
[2024-10-18 16:58:17,076] "GET /static/oscar/js/oscar/dashboard.js HTTP/1.1" 304 0
[2024-10-18 16:58:17,078] "GET /static/oscar/js/tinymce/jquery.tinymce.min.js HTTP/1.1" 304 0
[2024-10-18 17:03:17,959] "GET /ru/dashboard/ HTTP/1.1" 200 25407
[2024-10-18 17:03:18,069] "GET /static/oscar/js/oscar/ui.js HTTP/1.1" 304 0
[2024-10-18 17:03:18,071] "GET /static/oscar/js/bootstrap4-datetimepicker/moment-with-locales.min.js HTTP/1.1" 304 0
[2024-10-18 17:03:18,072] "GET /static/oscar/js/mousewheel/jquery.mousewheel.js HTTP/1.1" 304 0
[2024-10-18 17:03:18,073] "GET /static/oscar/js/bootstrap4/bootstrap.bundle.min.js HTTP/1.1" 304 0
[2024-10-18 17:03:18,074] "GET /static/oscar/js/jquery-sortable/jquery-sortable-min.js HTTP/1.1" 304 0
[2024-10-18 17:03:18,074] "GET /static/oscar/js/select2/select2.min.js HTTP/1.1" 304 0
[2024-10-18 17:03:18,075] "GET /static/oscar/js/bootstrap4-datetimepicker/tempusdominus-bootstrap-4.min.js HTTP/1.1" 304 0
[2024-10-18 17:03:18,076] "GET /static/oscar/js/oscar/dashboard.js HTTP/1.1" 304 0
[2024-10-18 17:03:18,077] "GET /static/oscar/js/tinymce/tinymce.min.js HTTP/1.1" 304 0
[2024-10-18 17:03:18,077] "GET /static/oscar/js/inputmask/jquery.inputmask.min.js HTTP/1.1" 304 0
[2024-10-18 17:03:18,077] "GET /static/oscar/js/oscar/RelatedObjectLookups.js HTTP/1.1" 304 0
[2024-10-18 17:03:18,079] "GET /static/oscar/js/tinymce/jquery.tinymce.min.js HTTP/1.1" 304 0
[2024-10-18 17:04:13,603] "GET /static/oscar/img/ui/dashboard/logo_oscar.png HTTP/1.1" 304 0
[2024-10-18 17:08:19,415] "GET /ru/dashboard/ HTTP/1.1" 200 25407
[2024-10-18 17:08:19,528] "GET /static/oscar/js/bootstrap4/bootstrap.bundle.min.js HTTP/1.1" 304 0
[2024-10-18 17:08:19,529] "GET /static/oscar/js/oscar/ui.js HTTP/1.1" 304 0
[2024-10-18 17:08:19,532] "GET /static/oscar/js/mousewheel/jquery.mousewheel.js HTTP/1.1" 304 0
[2024-10-18 17:08:19,533] "GET /static/oscar/js/bootstrap4-datetimepicker/moment-with-locales.min.js HTTP/1.1" 304 0
[2024-10-18 17:08:19,535] "GET /static/oscar/js/bootstrap4-datetimepicker/tempusdominus-bootstrap-4.min.js HTTP/1.1" 304 0
[2024-10-18 17:08:19,536] "GET /static/oscar/js/inputmask/jquery.inputmask.min.js HTTP/1.1" 304 0
[2024-10-18 17:08:19,538] "GET /static/oscar/js/select2/select2.min.js HTTP/1.1" 304 0
[2024-10-18 17:08:19,539] "GET /static/oscar/js/jquery-sortable/jquery-sortable-min.js HTTP/1.1" 304 0
[2024-10-18 17:08:19,541] "GET /static/oscar/js/oscar/dashboard.js HTTP/1.1" 304 0
[2024-10-18 17:08:19,543] "GET /static/oscar/js/oscar/RelatedObjectLookups.js HTTP/1.1" 304 0
[2024-10-18 17:08:19,546] "GET /static/oscar/js/tinymce/tinymce.min.js HTTP/1.1" 304 0
[2024-10-18 17:08:19,548] "GET /static/oscar/js/tinymce/jquery.tinymce.min.js HTTP/1.1" 304 0
[2024-10-18 17:08:19,728] "GET /static/oscar/img/ui/dashboard/logo_oscar.png HTTP/1.1" 304 0
[2024-10-18 17:13:30,577] "GET /ru/dashboard/ HTTP/1.1" 200 25407
[2024-10-18 17:13:30,670] "GET /static/oscar/js/bootstrap4/bootstrap.bundle.min.js HTTP/1.1" 304 0
[2024-10-18 17:13:30,672] "GET /static/oscar/js/oscar/ui.js HTTP/1.1" 304 0
[2024-10-18 17:13:30,678] "GET /static/oscar/js/mousewheel/jquery.mousewheel.js HTTP/1.1" 304 0
[2024-10-18 17:13:30,683] "GET /static/oscar/js/bootstrap4-datetimepicker/moment-with-locales.min.js HTTP/1.1" 304 0
[2024-10-18 17:13:30,686] "GET /static/oscar/js/bootstrap4-datetimepicker/tempusdominus-bootstrap-4.min.js HTTP/1.1" 304 0
[2024-10-18 17:13:30,689] "GET /static/oscar/js/select2/select2.min.js HTTP/1.1" 304 0
[2024-10-18 17:13:30,690] "GET /static/oscar/js/oscar/dashboard.js HTTP/1.1" 304 0
[2024-10-18 17:13:30,691] "GET /static/oscar/js/inputmask/jquery.inputmask.min.js HTTP/1.1" 304 0
[2024-10-18 17:13:30,691] "GET /static/oscar/js/oscar/RelatedObjectLookups.js HTTP/1.1" 304 0
[2024-10-18 17:13:30,693] "GET /static/oscar/js/jquery-sortable/jquery-sortable-min.js HTTP/1.1" 304 0
[2024-10-18 17:13:30,694] "GET /static/oscar/js/tinymce/jquery.tinymce.min.js HTTP/1.1" 304 0
[2024-10-18 17:13:30,695] "GET /static/oscar/js/tinymce/tinymce.min.js HTTP/1.1" 304 0
[2024-10-18 17:13:30,902] "GET /static/oscar/img/ui/dashboard/logo_oscar.png HTTP/1.1" 304 0
[2024-10-18 17:18:31,571] "GET /ru/dashboard/ HTTP/1.1" 200 25407
[2024-10-18 17:18:31,704] "GET /static/oscar/js/bootstrap4/bootstrap.bundle.min.js HTTP/1.1" 304 0
[2024-10-18 17:18:31,705] "GET /static/oscar/js/oscar/ui.js HTTP/1.1" 304 0
[2024-10-18 17:18:31,707] "GET /static/oscar/js/mousewheel/jquery.mousewheel.js HTTP/1.1" 304 0
[2024-10-18 17:18:31,709] "GET /static/oscar/js/bootstrap4-datetimepicker/moment-with-locales.min.js HTTP/1.1" 304 0
[2024-10-18 17:18:31,715] "GET /static/oscar/js/bootstrap4-datetimepicker/tempusdominus-bootstrap-4.min.js HTTP/1.1" 304 0
[2024-10-18 17:18:31,715] "GET /static/oscar/js/select2/select2.min.js HTTP/1.1" 304 0
[2024-10-18 17:18:31,715] "GET /static/oscar/js/inputmask/jquery.inputmask.min.js HTTP/1.1" 304 0
[2024-10-18 17:18:31,717] "GET /static/oscar/js/jquery-sortable/jquery-sortable-min.js HTTP/1.1" 304 0
[2024-10-18 17:18:31,717] "GET /static/oscar/js/oscar/dashboard.js HTTP/1.1" 304 0
[2024-10-18 17:18:31,718] "GET /static/oscar/js/oscar/RelatedObjectLookups.js HTTP/1.1" 304 0
[2024-10-18 17:18:31,720] "GET /static/oscar/js/tinymce/tinymce.min.js HTTP/1.1" 304 0
[2024-10-18 17:18:31,724] "GET /static/oscar/js/tinymce/jquery.tinymce.min.js HTTP/1.1" 304 0
[2024-10-18 17:18:31,905] "GET /static/oscar/img/ui/dashboard/logo_oscar.png HTTP/1.1" 304 0
[2024-10-18 17:23:32,473] "GET /ru/dashboard/ HTTP/1.1" 200 25407
[2024-10-18 17:23:32,607] "GET /static/oscar/js/bootstrap4/bootstrap.bundle.min.js HTTP/1.1" 304 0
[2024-10-18 17:23:32,612] "GET /static/oscar/js/oscar/ui.js HTTP/1.1" 304 0
[2024-10-18 17:23:32,614] "GET /static/oscar/js/bootstrap4-datetimepicker/tempusdominus-bootstrap-4.min.js HTTP/1.1" 304 0
[2024-10-18 17:23:32,614] "GET /static/oscar/js/mousewheel/jquery.mousewheel.js HTTP/1.1" 304 0
[2024-10-18 17:23:32,614] "GET /static/oscar/js/bootstrap4-datetimepicker/moment-with-locales.min.js HTTP/1.1" 304 0
[2024-10-18 17:23:32,616] "GET /static/oscar/js/inputmask/jquery.inputmask.min.js HTTP/1.1" 304 0
[2024-10-18 17:23:32,617] "GET /static/oscar/js/jquery-sortable/jquery-sortable-min.js HTTP/1.1" 304 0
[2024-10-18 17:23:32,617] "GET /static/oscar/js/oscar/RelatedObjectLookups.js HTTP/1.1" 304 0
[2024-10-18 17:23:32,618] "GET /static/oscar/js/oscar/dashboard.js HTTP/1.1" 304 0
[2024-10-18 17:23:32,618] "GET /static/oscar/js/select2/select2.min.js HTTP/1.1" 304 0
[2024-10-18 17:23:32,619] "GET /static/oscar/js/tinymce/tinymce.min.js HTTP/1.1" 304 0
[2024-10-18 17:23:32,619] "GET /static/oscar/js/tinymce/jquery.tinymce.min.js HTTP/1.1" 304 0
[2024-10-18 17:23:32,810] "GET /static/oscar/img/ui/dashboard/logo_oscar.png HTTP/1.1" 304 0
[2024-10-18 17:28:33,377] "GET /ru/dashboard/ HTTP/1.1" 200 25407
[2024-10-18 17:28:33,501] "GET /static/oscar/js/bootstrap4/bootstrap.bundle.min.js HTTP/1.1" 304 0
[2024-10-18 17:28:33,502] "GET /static/oscar/js/oscar/ui.js HTTP/1.1" 304 0
[2024-10-18 17:28:33,506] "GET /static/oscar/js/mousewheel/jquery.mousewheel.js HTTP/1.1" 304 0
[2024-10-18 17:28:33,508] "GET /static/oscar/js/bootstrap4-datetimepicker/tempusdominus-bootstrap-4.min.js HTTP/1.1" 304 0
[2024-10-18 17:28:33,508] "GET /static/oscar/js/bootstrap4-datetimepicker/moment-with-locales.min.js HTTP/1.1" 304 0
[2024-10-18 17:28:33,511] "GET /static/oscar/js/inputmask/jquery.inputmask.min.js HTTP/1.1" 304 0
[2024-10-18 17:28:33,516] "GET /static/oscar/js/select2/select2.min.js HTTP/1.1" 304 0
[2024-10-18 17:28:33,517] "GET /static/oscar/js/jquery-sortable/jquery-sortable-min.js HTTP/1.1" 304 0
[2024-10-18 17:28:33,517] "GET /static/oscar/js/oscar/dashboard.js HTTP/1.1" 304 0
[2024-10-18 17:28:33,519] "GET /static/oscar/js/tinymce/jquery.tinymce.min.js HTTP/1.1" 304 0
[2024-10-18 17:28:33,520] "GET /static/oscar/js/oscar/RelatedObjectLookups.js HTTP/1.1" 304 0
[2024-10-18 17:28:33,520] "GET /static/oscar/js/tinymce/tinymce.min.js HTTP/1.1" 304 0
[2024-10-18 17:28:33,693] "GET /static/oscar/img/ui/dashboard/logo_oscar.png HTTP/1.1" 304 0
[2024-10-18 17:33:34,687] "GET /ru/dashboard/ HTTP/1.1" 200 25407
[2024-10-18 17:33:34,815] "GET /static/oscar/js/bootstrap4/bootstrap.bundle.min.js HTTP/1.1" 304 0
[2024-10-18 17:33:34,818] "GET /static/oscar/js/mousewheel/jquery.mousewheel.js HTTP/1.1" 304 0
[2024-10-18 17:33:34,818] "GET /static/oscar/js/oscar/ui.js HTTP/1.1" 304 0
[2024-10-18 17:33:34,819] "GET /static/oscar/js/bootstrap4-datetimepicker/moment-with-locales.min.js HTTP/1.1" 304 0
[2024-10-18 17:33:34,826] "GET /static/oscar/js/bootstrap4-datetimepicker/tempusdominus-bootstrap-4.min.js HTTP/1.1" 304 0
[2024-10-18 17:33:34,827] "GET /static/oscar/js/select2/select2.min.js HTTP/1.1" 304 0
[2024-10-18 17:33:34,828] "GET /static/oscar/js/inputmask/jquery.inputmask.min.js HTTP/1.1" 304 0
[2024-10-18 17:33:34,830] "GET /static/oscar/js/oscar/dashboard.js HTTP/1.1" 304 0
[2024-10-18 17:33:34,830] "GET /static/oscar/js/jquery-sortable/jquery-sortable-min.js HTTP/1.1" 304 0
[2024-10-18 17:33:34,832] "GET /static/oscar/js/oscar/RelatedObjectLookups.js HTTP/1.1" 304 0
[2024-10-18 17:33:34,834] "GET /static/oscar/js/tinymce/tinymce.min.js HTTP/1.1" 304 0
[2024-10-18 17:33:34,835] "GET /static/oscar/js/tinymce/jquery.tinymce.min.js HTTP/1.1" 304 0
[2024-10-18 17:33:35,016] "GET /static/oscar/img/ui/dashboard/logo_oscar.png HTTP/1.1" 304 0
[2024-10-18 17:38:36,071] "GET /ru/dashboard/ HTTP/1.1" 200 25407
[2024-10-18 17:38:36,204] "GET /static/oscar/js/bootstrap4/bootstrap.bundle.min.js HTTP/1.1" 304 0
[2024-10-18 17:38:36,206] "GET /static/oscar/js/oscar/ui.js HTTP/1.1" 304 0
[2024-10-18 17:38:36,208] "GET /static/oscar/js/mousewheel/jquery.mousewheel.js HTTP/1.1" 304 0
[2024-10-18 17:38:36,208] "GET /static/oscar/js/bootstrap4-datetimepicker/moment-with-locales.min.js HTTP/1.1" 304 0
[2024-10-18 17:38:36,211] "GET /static/oscar/js/bootstrap4-datetimepicker/tempusdominus-bootstrap-4.min.js HTTP/1.1" 304 0
[2024-10-18 17:38:36,215] "GET /static/oscar/js/inputmask/jquery.inputmask.min.js HTTP/1.1" 304 0
[2024-10-18 17:38:36,220] "GET /static/oscar/js/select2/select2.min.js HTTP/1.1" 304 0
[2024-10-18 17:38:36,222] "GET /static/oscar/js/jquery-sortable/jquery-sortable-min.js HTTP/1.1" 304 0
[2024-10-18 17:38:36,222] "GET /static/oscar/js/oscar/dashboard.js HTTP/1.1" 304 0
[2024-10-18 17:38:36,222] "GET /static/oscar/js/oscar/RelatedObjectLookups.js HTTP/1.1" 304 0
[2024-10-18 17:38:36,224] "GET /static/oscar/js/tinymce/tinymce.min.js HTTP/1.1" 304 0
[2024-10-18 17:38:36,225] "GET /static/oscar/js/tinymce/jquery.tinymce.min.js HTTP/1.1" 304 0
[2024-10-18 17:38:36,399] "GET /static/oscar/img/ui/dashboard/logo_oscar.png HTTP/1.1" 304 0
[2024-10-18 17:43:36,985] "GET /ru/dashboard/ HTTP/1.1" 200 25407
[2024-10-18 17:43:37,097] "GET /static/oscar/js/oscar/ui.js HTTP/1.1" 304 0
[2024-10-18 17:43:37,097] "GET /static/oscar/js/mousewheel/jquery.mousewheel.js HTTP/1.1" 304 0
[2024-10-18 17:43:37,098] "GET /static/oscar/js/bootstrap4/bootstrap.bundle.min.js HTTP/1.1" 304 0
[2024-10-18 17:43:37,100] "GET /static/oscar/js/bootstrap4-datetimepicker/moment-with-locales.min.js HTTP/1.1" 304 0
[2024-10-18 17:43:37,103] "GET /static/oscar/js/inputmask/jquery.inputmask.min.js HTTP/1.1" 304 0
[2024-10-18 17:43:37,103] "GET /static/oscar/js/bootstrap4-datetimepicker/tempusdominus-bootstrap-4.min.js HTTP/1.1" 304 0
[2024-10-18 17:43:37,104] "GET /static/oscar/js/select2/select2.min.js HTTP/1.1" 304 0
[2024-10-18 17:43:37,105] "GET /static/oscar/js/jquery-sortable/jquery-sortable-min.js HTTP/1.1" 304 0
[2024-10-18 17:43:37,106] "GET /static/oscar/js/oscar/dashboard.js HTTP/1.1" 304 0
[2024-10-18 17:43:37,108] "GET /static/oscar/js/oscar/RelatedObjectLookups.js HTTP/1.1" 304 0
[2024-10-18 17:43:37,110] "GET /static/oscar/js/tinymce/tinymce.min.js HTTP/1.1" 304 0
[2024-10-18 17:43:37,114] "GET /static/oscar/js/tinymce/jquery.tinymce.min.js HTTP/1.1" 304 0
[2024-10-18 17:43:37,304] "GET /static/oscar/img/ui/dashboard/logo_oscar.png HTTP/1.1" 304 0
[2024-10-18 17:48:37,975] "GET /ru/dashboard/ HTTP/1.1" 200 25407
[2024-10-18 17:48:38,111] "GET /static/oscar/js/bootstrap4/bootstrap.bundle.min.js HTTP/1.1" 304 0
[2024-10-18 17:48:38,113] "GET /static/oscar/js/oscar/ui.js HTTP/1.1" 304 0
[2024-10-18 17:48:38,116] "GET /static/oscar/js/mousewheel/jquery.mousewheel.js HTTP/1.1" 304 0
[2024-10-18 17:48:38,116] "GET /static/oscar/js/bootstrap4-datetimepicker/moment-with-locales.min.js HTTP/1.1" 304 0
[2024-10-18 17:48:38,118] "GET /static/oscar/js/bootstrap4-datetimepicker/tempusdominus-bootstrap-4.min.js HTTP/1.1" 304 0
[2024-10-18 17:48:38,119] "GET /static/oscar/js/inputmask/jquery.inputmask.min.js HTTP/1.1" 304 0
[2024-10-18 17:48:38,121] "GET /static/oscar/js/jquery-sortable/jquery-sortable-min.js HTTP/1.1" 304 0
[2024-10-18 17:48:38,121] "GET /static/oscar/js/select2/select2.min.js HTTP/1.1" 304 0
[2024-10-18 17:48:38,123] "GET /static/oscar/js/oscar/dashboard.js HTTP/1.1" 304 0
[2024-10-18 17:48:38,125] "GET /static/oscar/js/oscar/RelatedObjectLookups.js HTTP/1.1" 304 0
[2024-10-18 17:48:38,126] "GET /static/oscar/js/tinymce/tinymce.min.js HTTP/1.1" 304 0
[2024-10-18 17:48:38,129] "GET /static/oscar/js/tinymce/jquery.tinymce.min.js HTTP/1.1" 304 0
[2024-10-18 17:48:38,305] "GET /static/oscar/img/ui/dashboard/logo_oscar.png HTTP/1.1" 304 0
[2024-10-18 17:53:39,056] "GET /ru/dashboard/ HTTP/1.1" 200 25407
[2024-10-18 17:53:39,159] "GET /static/oscar/js/bootstrap4/bootstrap.bundle.min.js HTTP/1.1" 304 0
[2024-10-18 17:53:39,163] "GET /static/oscar/js/bootstrap4-datetimepicker/moment-with-locales.min.js HTTP/1.1" 304 0
[2024-10-18 17:53:39,164] "GET /static/oscar/js/oscar/ui.js HTTP/1.1" 304 0
[2024-10-18 17:53:39,168] "GET /static/oscar/js/mousewheel/jquery.mousewheel.js HTTP/1.1" 304 0
[2024-10-18 17:53:39,170] "GET /static/oscar/js/bootstrap4-datetimepicker/tempusdominus-bootstrap-4.min.js HTTP/1.1" 304 0
[2024-10-18 17:53:39,170] "GET /static/oscar/js/inputmask/jquery.inputmask.min.js HTTP/1.1" 304 0
[2024-10-18 17:53:39,176] "GET /static/oscar/js/select2/select2.min.js HTTP/1.1" 304 0
[2024-10-18 17:53:39,182] "GET /static/oscar/js/jquery-sortable/jquery-sortable-min.js HTTP/1.1" 304 0
[2024-10-18 17:53:39,184] "GET /static/oscar/js/oscar/RelatedObjectLookups.js HTTP/1.1" 304 0
[2024-10-18 17:53:39,185] "GET /static/oscar/js/oscar/dashboard.js HTTP/1.1" 304 0
[2024-10-18 17:53:39,186] "GET /static/oscar/js/tinymce/tinymce.min.js HTTP/1.1" 304 0
[2024-10-18 17:53:39,192] "GET /static/oscar/js/tinymce/jquery.tinymce.min.js HTTP/1.1" 304 0
[2024-10-18 17:53:39,358] "GET /static/oscar/img/ui/dashboard/logo_oscar.png HTTP/1.1" 304 0
[2024-10-18 17:58:39,871] "GET /ru/dashboard/ HTTP/1.1" 200 25407
[2024-10-18 17:58:39,987] "GET /static/oscar/js/bootstrap4/bootstrap.bundle.min.js HTTP/1.1" 304 0
[2024-10-18 17:58:39,988] "GET /static/oscar/js/oscar/ui.js HTTP/1.1" 304 0
[2024-10-18 17:58:39,990] "GET /static/oscar/js/mousewheel/jquery.mousewheel.js HTTP/1.1" 304 0
[2024-10-18 17:58:39,992] "GET /static/oscar/js/bootstrap4-datetimepicker/moment-with-locales.min.js HTTP/1.1" 304 0
[2024-10-18 17:58:39,993] "GET /static/oscar/js/bootstrap4-datetimepicker/tempusdominus-bootstrap-4.min.js HTTP/1.1" 304 0
[2024-10-18 17:58:39,995] "GET /static/oscar/js/inputmask/jquery.inputmask.min.js HTTP/1.1" 304 0
[2024-10-18 17:58:39,997] "GET /static/oscar/js/select2/select2.min.js HTTP/1.1" 304 0
[2024-10-18 17:58:39,998] "GET /static/oscar/js/jquery-sortable/jquery-sortable-min.js HTTP/1.1" 304 0
[2024-10-18 17:58:40,000] "GET /static/oscar/js/oscar/dashboard.js HTTP/1.1" 304 0
[2024-10-18 17:58:40,002] "GET /static/oscar/js/oscar/RelatedObjectLookups.js HTTP/1.1" 304 0
[2024-10-18 17:58:40,004] "GET /static/oscar/js/tinymce/tinymce.min.js HTTP/1.1" 304 0
[2024-10-18 17:58:40,008] "GET /static/oscar/js/tinymce/jquery.tinymce.min.js HTTP/1.1" 304 0
[2024-10-18 17:58:40,174] "GET /static/oscar/img/ui/dashboard/logo_oscar.png HTTP/1.1" 304 0
[2024-10-18 18:03:40,821] "GET /ru/dashboard/ HTTP/1.1" 200 25438
[2024-10-18 18:03:40,934] "GET /static/oscar/js/bootstrap4/bootstrap.bundle.min.js HTTP/1.1" 304 0
[2024-10-18 18:03:40,934] "GET /static/oscar/js/mousewheel/jquery.mousewheel.js HTTP/1.1" 304 0
[2024-10-18 18:03:40,936] "GET /static/oscar/js/oscar/ui.js HTTP/1.1" 304 0
[2024-10-18 18:03:40,938] "GET /static/oscar/js/bootstrap4-datetimepicker/moment-with-locales.min.js HTTP/1.1" 304 0
[2024-10-18 18:03:40,939] "GET /static/oscar/js/inputmask/jquery.inputmask.min.js HTTP/1.1" 304 0
[2024-10-18 18:03:40,939] "GET /static/oscar/js/bootstrap4-datetimepicker/tempusdominus-bootstrap-4.min.js HTTP/1.1" 304 0
[2024-10-18 18:03:40,942] "GET /static/oscar/js/select2/select2.min.js HTTP/1.1" 304 0
[2024-10-18 18:03:40,943] "GET /static/oscar/js/jquery-sortable/jquery-sortable-min.js HTTP/1.1" 304 0
[2024-10-18 18:03:40,943] "GET /static/oscar/js/oscar/dashboard.js HTTP/1.1" 304 0
[2024-10-18 18:03:40,944] "GET /static/oscar/js/oscar/RelatedObjectLookups.js HTTP/1.1" 304 0
[2024-10-18 18:03:40,946] "GET /static/oscar/js/tinymce/tinymce.min.js HTTP/1.1" 304 0
[2024-10-18 18:03:40,952] "GET /static/oscar/js/tinymce/jquery.tinymce.min.js HTTP/1.1" 304 0
[2024-10-18 18:03:41,148] "GET /static/oscar/img/ui/dashboard/logo_oscar.png HTTP/1.1" 304 0
[2024-10-18 18:08:42,345] "GET /ru/dashboard/ HTTP/1.1" 200 25438
[2024-10-18 18:08:42,476] "GET /static/oscar/js/bootstrap4/bootstrap.bundle.min.js HTTP/1.1" 304 0
[2024-10-18 18:08:42,477] "GET /static/oscar/js/oscar/ui.js HTTP/1.1" 304 0
[2024-10-18 18:08:42,480] "GET /static/oscar/js/mousewheel/jquery.mousewheel.js HTTP/1.1" 304 0
[2024-10-18 18:08:42,481] "GET /static/oscar/js/bootstrap4-datetimepicker/moment-with-locales.min.js HTTP/1.1" 304 0
[2024-10-18 18:08:42,484] "GET /static/oscar/js/bootstrap4-datetimepicker/tempusdominus-bootstrap-4.min.js HTTP/1.1" 304 0
[2024-10-18 18:08:42,486] "GET /static/oscar/js/inputmask/jquery.inputmask.min.js HTTP/1.1" 304 0
[2024-10-18 18:08:42,488] "GET /static/oscar/js/select2/select2.min.js HTTP/1.1" 304 0
[2024-10-18 18:08:42,490] "GET /static/oscar/js/oscar/dashboard.js HTTP/1.1" 304 0
[2024-10-18 18:08:42,490] "GET /static/oscar/js/jquery-sortable/jquery-sortable-min.js HTTP/1.1" 304 0
[2024-10-18 18:08:42,491] "GET /static/oscar/js/oscar/RelatedObjectLookups.js HTTP/1.1" 304 0
[2024-10-18 18:08:42,495] "GET /static/oscar/js/tinymce/tinymce.min.js HTTP/1.1" 304 0
[2024-10-18 18:08:42,499] "GET /static/oscar/js/tinymce/jquery.tinymce.min.js HTTP/1.1" 304 0
[2024-10-18 18:13:43,216] "GET /ru/dashboard/ HTTP/1.1" 200 25438
[2024-10-18 18:13:43,314] "GET /static/oscar/js/bootstrap4/bootstrap.bundle.min.js HTTP/1.1" 304 0
[2024-10-18 18:13:43,314] "GET /static/oscar/js/oscar/ui.js HTTP/1.1" 304 0
[2024-10-18 18:13:43,316] "GET /static/oscar/js/mousewheel/jquery.mousewheel.js HTTP/1.1" 304 0
[2024-10-18 18:13:43,316] "GET /static/oscar/js/bootstrap4-datetimepicker/moment-with-locales.min.js HTTP/1.1" 304 0
[2024-10-18 18:13:43,322] "GET /static/oscar/js/bootstrap4-datetimepicker/tempusdominus-bootstrap-4.min.js HTTP/1.1" 304 0
[2024-10-18 18:13:43,322] "GET /static/oscar/js/inputmask/jquery.inputmask.min.js HTTP/1.1" 304 0
[2024-10-18 18:13:43,324] "GET /static/oscar/js/select2/select2.min.js HTTP/1.1" 304 0
[2024-10-18 18:13:43,325] "GET /static/oscar/js/jquery-sortable/jquery-sortable-min.js HTTP/1.1" 304 0
[2024-10-18 18:13:43,327] "GET /static/oscar/js/oscar/dashboard.js HTTP/1.1" 304 0
[2024-10-18 18:13:43,328] "GET /static/oscar/js/tinymce/tinymce.min.js HTTP/1.1" 304 0
[2024-10-18 18:13:43,329] "GET /static/oscar/js/oscar/RelatedObjectLookups.js HTTP/1.1" 304 0
[2024-10-18 18:13:43,333] "GET /static/oscar/js/tinymce/jquery.tinymce.min.js HTTP/1.1" 304 0
[2024-10-18 18:18:44,016] "GET /ru/dashboard/ HTTP/1.1" 200 25438
[2024-10-18 18:18:44,138] "GET /static/oscar/js/bootstrap4/bootstrap.bundle.min.js HTTP/1.1" 304 0
[2024-10-18 18:18:44,139] "GET /static/oscar/js/mousewheel/jquery.mousewheel.js HTTP/1.1" 304 0
[2024-10-18 18:18:44,141] "GET /static/oscar/js/oscar/ui.js HTTP/1.1" 304 0
[2024-10-18 18:18:44,143] "GET /static/oscar/js/inputmask/jquery.inputmask.min.js HTTP/1.1" 304 0
[2024-10-18 18:18:44,143] "GET /static/oscar/js/bootstrap4-datetimepicker/moment-with-locales.min.js HTTP/1.1" 304 0
[2024-10-18 18:18:44,143] "GET /static/oscar/js/bootstrap4-datetimepicker/tempusdominus-bootstrap-4.min.js HTTP/1.1" 304 0
[2024-10-18 18:18:44,144] "GET /static/oscar/js/jquery-sortable/jquery-sortable-min.js HTTP/1.1" 304 0
[2024-10-18 18:18:44,144] "GET /static/oscar/js/oscar/dashboard.js HTTP/1.1" 304 0
[2024-10-18 18:18:44,145] "GET /static/oscar/js/tinymce/tinymce.min.js HTTP/1.1" 304 0
[2024-10-18 18:18:44,145] "GET /static/oscar/js/oscar/RelatedObjectLookups.js HTTP/1.1" 304 0
[2024-10-18 18:18:44,145] "GET /static/oscar/js/select2/select2.min.js HTTP/1.1" 304 0
[2024-10-18 18:18:44,146] "GET /static/oscar/js/tinymce/jquery.tinymce.min.js HTTP/1.1" 304 0
[2024-10-18 18:23:44,902] "GET /ru/dashboard/ HTTP/1.1" 200 25438
[2024-10-18 18:23:45,007] "GET /static/oscar/js/bootstrap4/bootstrap.bundle.min.js HTTP/1.1" 304 0
[2024-10-18 18:23:45,010] "GET /static/oscar/js/oscar/ui.js HTTP/1.1" 304 0
[2024-10-18 18:23:45,018] "GET /static/oscar/js/mousewheel/jquery.mousewheel.js HTTP/1.1" 304 0
[2024-10-18 18:23:45,019] "GET /static/oscar/js/bootstrap4-datetimepicker/moment-with-locales.min.js HTTP/1.1" 304 0
[2024-10-18 18:23:45,020] "GET /static/oscar/js/bootstrap4-datetimepicker/tempusdominus-bootstrap-4.min.js HTTP/1.1" 304 0
[2024-10-18 18:23:45,021] "GET /static/oscar/js/inputmask/jquery.inputmask.min.js HTTP/1.1" 304 0
[2024-10-18 18:23:45,025] "GET /static/oscar/js/select2/select2.min.js HTTP/1.1" 304 0
[2024-10-18 18:23:45,025] "GET /static/oscar/js/jquery-sortable/jquery-sortable-min.js HTTP/1.1" 304 0
[2024-10-18 18:23:45,027] "GET /static/oscar/js/oscar/dashboard.js HTTP/1.1" 304 0
[2024-10-18 18:23:45,027] "GET /static/oscar/js/tinymce/tinymce.min.js HTTP/1.1" 304 0
[2024-10-18 18:23:45,028] "GET /static/oscar/js/oscar/RelatedObjectLookups.js HTTP/1.1" 304 0
[2024-10-18 18:23:45,029] "GET /static/oscar/js/tinymce/jquery.tinymce.min.js HTTP/1.1" 304 0
[2024-10-21 10:14:55,778] Watching for file changes with StatReloader
System check identified some issues:

WARNINGS:
<django.template.backends.django.DjangoTemplates object at 0x72a182243280>: (templates.W003) 'thumbnail' is used for multiple template tag modules: 'easy_thumbnails.templatetags.thumbnail', 'sorl.thumbnail.templatetags.thumbnail'

System check identified 1 issue (0 silenced).
Error: That port is already in use.
[2024-10-21 10:15:03,665] Watching for file changes with StatReloader
System check identified some issues:

WARNINGS:
<django.template.backends.django.DjangoTemplates object at 0x743b4eb45510>: (templates.W003) 'thumbnail' is used for multiple template tag modules: 'easy_thumbnails.templatetags.thumbnail', 'sorl.thumbnail.templatetags.thumbnail'

System check identified 1 issue (0 silenced).
Error: That port is already in use.
[2024-10-21 10:15:49,785] Watching for file changes with StatReloader
System check identified some issues:

WARNINGS:
<django.template.backends.django.DjangoTemplates object at 0x7afd7a859510>: (templates.W003) 'thumbnail' is used for multiple template tag modules: 'easy_thumbnails.templatetags.thumbnail', 'sorl.thumbnail.templatetags.thumbnail'

System check identified 1 issue (0 silenced).
[2024-10-21 10:15:50,891] "GET /ru/dashboard/ HTTP/1.1" 200 24570
[2024-10-21 10:15:51,055] "GET /static/oscar/js/select2/select2.min.css HTTP/1.1" 200 14966
[2024-10-21 10:15:51,057] "GET /static/oscar/css/dashboard.css HTTP/1.1" 200 296899
[2024-10-21 10:15:51,064] "GET /static/oscar/css/select2-bootstrap.min.css HTTP/1.1" 200 16792
[2024-10-21 10:15:51,065] "GET /static/oscar/js/bootstrap4-datetimepicker/tempusdominus-bootstrap-4.min.css HTTP/1.1" 200 11967
[2024-10-21 10:15:51,070] "GET /static/oscar/js/bootstrap4/bootstrap.bundle.min.js HTTP/1.1" 304 0
[2024-10-21 10:15:51,074] "GET /static/oscar/js/oscar/ui.js HTTP/1.1" 304 0
[2024-10-21 10:15:51,076] "GET /static/oscar/js/mousewheel/jquery.mousewheel.js HTTP/1.1" 304 0
[2024-10-21 10:15:51,076] "GET /static/oscar/js/bootstrap4-datetimepicker/moment-with-locales.min.js HTTP/1.1" 304 0
[2024-10-21 10:15:51,080] "GET /static/oscar/js/bootstrap4-datetimepicker/tempusdominus-bootstrap-4.min.js HTTP/1.1" 304 0
[2024-10-21 10:15:51,081] "GET /static/oscar/js/inputmask/jquery.inputmask.min.js HTTP/1.1" 304 0
[2024-10-21 10:15:51,082] "GET /static/oscar/js/select2/select2.min.js HTTP/1.1" 304 0
[2024-10-21 10:15:51,099] "GET /static/oscar/js/jquery-sortable/jquery-sortable-min.js HTTP/1.1" 304 0
[2024-10-21 10:15:51,107] "GET /static/oscar/js/oscar/dashboard.js HTTP/1.1" 304 0
[2024-10-21 10:15:51,113] "GET /static/oscar/js/oscar/RelatedObjectLookups.js HTTP/1.1" 304 0
[2024-10-21 10:15:51,118] "GET /static/oscar/js/tinymce/tinymce.min.js HTTP/1.1" 304 0
[2024-10-21 10:15:51,123] "GET /static/oscar/js/tinymce/jquery.tinymce.min.js HTTP/1.1" 304 0
[2024-10-21 10:15:51,215] "GET /static/oscar/img/ui/dashboard/bg_subtle_dots.png HTTP/1.1" 200 955
[2024-10-21 10:15:51,216] "GET /static/oscar/img/ui/dashboard/logo_oscar.png HTTP/1.1" 200 5469
[2024-10-21 10:15:51,427] "GET /static/oscar/webfonts/fa-solid-900.woff2 HTTP/1.1" 200 157192
[2024-10-21 10:15:51,868] "GET /static/oscar/favicon.ico HTTP/1.1" 200 1150
[2024-10-21 10:15:53,971] "GET /ru/dashboard/ HTTP/1.1" 304 0
[2024-10-21 10:15:56,148] "GET /ru/dashboard/ HTTP/1.1" 304 0
[2024-10-21 10:20:57,668] "GET /ru/dashboard/ HTTP/1.1" 200 24570
[2024-10-21 10:20:57,830] "GET /static/oscar/js/bootstrap4/bootstrap.bundle.min.js HTTP/1.1" 304 0
[2024-10-21 10:20:57,831] "GET /static/oscar/js/oscar/ui.js HTTP/1.1" 304 0
[2024-10-21 10:20:57,834] "GET /static/oscar/js/mousewheel/jquery.mousewheel.js HTTP/1.1" 304 0
[2024-10-21 10:20:57,835] "GET /static/oscar/js/bootstrap4-datetimepicker/moment-with-locales.min.js HTTP/1.1" 304 0
[2024-10-21 10:20:57,841] "GET /static/oscar/js/bootstrap4-datetimepicker/tempusdominus-bootstrap-4.min.js HTTP/1.1" 304 0
[2024-10-21 10:20:57,844] "GET /static/oscar/js/inputmask/jquery.inputmask.min.js HTTP/1.1" 304 0
[2024-10-21 10:20:57,846] "GET /static/oscar/js/select2/select2.min.js HTTP/1.1" 304 0
[2024-10-21 10:20:57,847] "GET /static/oscar/js/jquery-sortable/jquery-sortable-min.js HTTP/1.1" 304 0
[2024-10-21 10:20:57,853] "GET /static/oscar/js/oscar/dashboard.js HTTP/1.1" 304 0
[2024-10-21 10:20:57,854] "GET /static/oscar/js/oscar/RelatedObjectLookups.js HTTP/1.1" 304 0
[2024-10-21 10:20:57,855] "GET /static/oscar/js/tinymce/tinymce.min.js HTTP/1.1" 304 0
[2024-10-21 10:20:57,860] "GET /static/oscar/js/tinymce/jquery.tinymce.min.js HTTP/1.1" 304 0
[2024-10-21 10:25:59,544] "GET /ru/dashboard/ HTTP/1.1" 200 24570
[2024-10-21 10:25:59,709] "GET /static/oscar/js/bootstrap4/bootstrap.bundle.min.js HTTP/1.1" 304 0
[2024-10-21 10:25:59,713] "GET /static/oscar/js/oscar/ui.js HTTP/1.1" 304 0
[2024-10-21 10:25:59,715] "GET /static/oscar/js/mousewheel/jquery.mousewheel.js HTTP/1.1" 304 0
[2024-10-21 10:25:59,719] "GET /static/oscar/js/bootstrap4-datetimepicker/moment-with-locales.min.js HTTP/1.1" 304 0
[2024-10-21 10:25:59,725] "GET /static/oscar/js/bootstrap4-datetimepicker/tempusdominus-bootstrap-4.min.js HTTP/1.1" 304 0
[2024-10-21 10:25:59,726] "GET /static/oscar/js/inputmask/jquery.inputmask.min.js HTTP/1.1" 304 0
[2024-10-21 10:25:59,727] "GET /static/oscar/js/select2/select2.min.js HTTP/1.1" 304 0
[2024-10-21 10:25:59,732] "GET /static/oscar/js/jquery-sortable/jquery-sortable-min.js HTTP/1.1" 304 0
[2024-10-21 10:25:59,735] "GET /static/oscar/js/oscar/dashboard.js HTTP/1.1" 304 0
[2024-10-21 10:25:59,736] "GET /static/oscar/js/oscar/RelatedObjectLookups.js HTTP/1.1" 304 0
[2024-10-21 10:25:59,741] "GET /static/oscar/js/tinymce/tinymce.min.js HTTP/1.1" 304 0
[2024-10-21 10:25:59,750] "GET /static/oscar/js/tinymce/jquery.tinymce.min.js HTTP/1.1" 304 0
[2024-10-21 10:31:00,436] "GET /ru/dashboard/ HTTP/1.1" 200 24570
[2024-10-21 10:31:00,618] "GET /static/oscar/js/bootstrap4/bootstrap.bundle.min.js HTTP/1.1" 304 0
[2024-10-21 10:31:00,622] "GET /static/oscar/js/oscar/ui.js HTTP/1.1" 304 0
[2024-10-21 10:31:00,625] "GET /static/oscar/js/mousewheel/jquery.mousewheel.js HTTP/1.1" 304 0
[2024-10-21 10:31:00,629] "GET /static/oscar/js/bootstrap4-datetimepicker/moment-with-locales.min.js HTTP/1.1" 304 0
[2024-10-21 10:31:00,633] "GET /static/oscar/js/bootstrap4-datetimepicker/tempusdominus-bootstrap-4.min.js HTTP/1.1" 304 0
[2024-10-21 10:31:00,635] "GET /static/oscar/js/inputmask/jquery.inputmask.min.js HTTP/1.1" 304 0
[2024-10-21 10:31:00,638] "GET /static/oscar/js/select2/select2.min.js HTTP/1.1" 304 0
[2024-10-21 10:31:00,640] "GET /static/oscar/js/jquery-sortable/jquery-sortable-min.js HTTP/1.1" 304 0
[2024-10-21 10:31:00,644] "GET /static/oscar/js/oscar/dashboard.js HTTP/1.1" 304 0
[2024-10-21 10:31:00,646] "GET /static/oscar/js/oscar/RelatedObjectLookups.js HTTP/1.1" 304 0
[2024-10-21 10:31:00,650] "GET /static/oscar/js/tinymce/tinymce.min.js HTTP/1.1" 304 0
[2024-10-21 10:31:00,657] "GET /static/oscar/js/tinymce/jquery.tinymce.min.js HTTP/1.1" 304 0
[2024-10-21 10:36:01,602] "GET /ru/dashboard/ HTTP/1.1" 200 24570
[2024-10-21 10:36:01,782] "GET /static/oscar/js/bootstrap4/bootstrap.bundle.min.js HTTP/1.1" 304 0
[2024-10-21 10:36:01,785] "GET /static/oscar/js/oscar/ui.js HTTP/1.1" 304 0
[2024-10-21 10:36:01,788] "GET /static/oscar/js/mousewheel/jquery.mousewheel.js HTTP/1.1" 304 0
[2024-10-21 10:36:01,789] "GET /static/oscar/js/bootstrap4-datetimepicker/moment-with-locales.min.js HTTP/1.1" 304 0
[2024-10-21 10:36:01,795] "GET /static/oscar/js/bootstrap4-datetimepicker/tempusdominus-bootstrap-4.min.js HTTP/1.1" 304 0
[2024-10-21 10:36:01,797] "GET /static/oscar/js/inputmask/jquery.inputmask.min.js HTTP/1.1" 304 0
[2024-10-21 10:36:01,806] "GET /static/oscar/js/select2/select2.min.js HTTP/1.1" 304 0
[2024-10-21 10:36:01,808] "GET /static/oscar/js/jquery-sortable/jquery-sortable-min.js HTTP/1.1" 304 0
[2024-10-21 10:36:01,808] "GET /static/oscar/js/oscar/dashboard.js HTTP/1.1" 304 0
[2024-10-21 10:36:01,808] "GET /static/oscar/js/oscar/RelatedObjectLookups.js HTTP/1.1" 304 0
[2024-10-21 10:36:01,818] "GET /static/oscar/js/tinymce/tinymce.min.js HTTP/1.1" 304 0
[2024-10-21 10:36:01,825] "GET /static/oscar/js/tinymce/jquery.tinymce.min.js HTTP/1.1" 304 0
[2024-10-21 10:36:05,982] "GET /static/oscar/img/ui/dashboard/logo_oscar.png HTTP/1.1" 304 0
